#
# A fatal error has been detected by the Java Runtime Environment:
#
#  SIGSEGV (0xb) at pc=0x00007fadc1bfd069, pid=6553, tid=6577
#
# JRE version: OpenJDK Runtime Environment Temurin-17.0.4.1+1 (17.0.4.1+1) (build 17.0.4.1+1)
# Java VM: OpenJDK 64-Bit Server VM Temurin-17.0.4.1+1 (17.0.4.1+1, mixed mode, tiered, compressed oops, compressed class ptrs, g1 gc, linux-amd64)
# Problematic frame:
# V  [libjvm.so+0xdfd069]  Symbol::as_C_string() const+0x9
#
# No core dump will be written. Core dumps have been disabled. To enable core dumping, try "ulimit -c unlimited" before starting Java again
#
# If you would like to submit a bug report, please visit:
#   https://github.com/adoptium/adoptium-support/issues
#

---------------  S U M M A R Y ------------

Command Line: -XX:+ShowCodeDetailsInExceptionMessages -agentlib:jdwp=transport=dt_socket,suspend=y,address=localhost:36301 -javaagent:/home/tiwaritiwari/eclipse/eclipse/configuration/org.eclipse.osgi/222/0/.cp/lib/javaagent-shaded.jar -Dfile.encoding=UTF-8 com.tiwari.studence.organisation.App

Host: Intel(R) Core(TM) i5-4210U CPU @ 1.70GHz, 4 cores, 11G, Kali GNU/Linux Rolling
Time: Sun Feb  5 13:11:02 2023 IST elapsed time: 325.611483 seconds (0d 0h 5m 25s)

---------------  T H R E A D  ---------------

Current thread (0x00007fadbc2c8ae0):  JavaThread "JDWP Transport Listener: dt_socket" daemon [_thread_in_vm, id=6577, stack(0x00007fad8b000000,0x00007fad8b100000)]

Stack: [0x00007fad8b000000,0x00007fad8b100000],  sp=0x00007fad8b0fe940,  free space=1018k
Native frames: (J=compiled Java code, j=interpreted, Vv=VM code, C=native code)
V  [libjvm.so+0xdfd069]  Symbol::as_C_string() const+0x9
V  [libjvm.so+0xa0ee35]  JvmtiEnv::GetClassSignature(oopDesc*, char**, char**)+0x115
V  [libjvm.so+0x9c54e8]  jvmti_GetClassSignature+0x1f8
C  [libjdwp.so+0x2d824]  classSignature+0x44
C  [libjdwp.so+0xd6a6]  allClasses1.part.0+0x156
C  [libjdwp.so+0xe5e3]  allClassesWithGeneric+0x23
C  [libjdwp.so+0x13c09]  debugLoop_run+0x299
C  [libjdwp.so+0x27124]  attachThread+0x54
V  [libjvm.so+0xa2e262]  JvmtiAgentThread::call_start_function()+0x72
V  [libjvm.so+0xe59214]  JavaThread::thread_main_inner()+0x184
V  [libjvm.so+0xe5c99e]  Thread::call_run()+0xde
V  [libjvm.so+0xc16351]  thread_native_entry(Thread*)+0xe1


siginfo: si_signo: 11 (SIGSEGV), si_code: 1 (SEGV_MAPERR), si_addr: 0x0000000000ab00bb

Register to memory mapping:

RAX=0x00000000000000b8 is an unknown value
RBX=0x0000000800178f78 is a pointer to class: 
com.tiwari.studence.common.bquery.BQueryTableServices$1 {0x0000000800178f78}
 - instance size:     4
 - klass size:        72
 - access:            synchronized 
 - state:             fully_initialized
 - name:              'com/tiwari/studence/common/bquery/BQueryTableServices$1'
 - super:             'com/tiwari/studence/util/callable/ALoggableCallable'
 - sub:               
 - arrays:            NULL
 - methods:           Array<T>(0x00007fad8984c428)
 - method ordering:   Array<T>(0x00007fad8984c7c0)
 - default_methods:   Array<T>(0x0000000000000000)
 - local interfaces:  Array<T>(0x00007fad8b800058)
 - trans. interfaces: Array<T>(0x00007fad8a501ab0)
 - constants:         constant pool [196] {0x00007fad8984d4c8} for 'com/tiwari/studence/common/bquery/BQueryTableServices$1' cache=0x00007fad8984dbe8
 - class loader data:  loader data: 0x00007fadbc26e310 for instance a 'jdk/internal/loader/ClassLoaders$AppClassLoader'{0x000000074683b2c0}
 - source file:       'BQueryTableServices.java'
 - source debug extension:       SMAP
BQueryTableServices.java
Java
*S jdt
*F
1 BQueryTableServices.java
2 file:/home/tiwaritiwari/Studence/Studence-Server/studence-common/target/classes/
*L
*E

 - class annotations:       Array<T>(0x0000000000000000)
 - class type annotations:  Array<T>(0x0000000000000000)
 - field annotations:       Array<T>(0x0000000000000000)
 - field type annotations:  Array<T>(0x0000000000000000)
 - previous version:  constant pool [144] {0x00007fad8a501d90} for 'com/tiwari/studence/common/bquery/BQueryTableServices$1' (extra) cache=0x00007fad8a5c8960
 - generic signature: '
[error occurred during error reporting (printing register info), id 0xb, SIGSEGV (0xb) at pc=0x00007fadc1bfdfdb]

Registers:
RAX=0x00000000000000b8, RBX=0x0000000800178f78, RCX=0x00007fad8984d4c8, RDX=0x0000000000000009
RSP=0x00007fad8b0fe940, RBP=0x00007fad8b0fe950, RSI=0x0000000000000000, RDI=0x0000000000ab00b7
R8 =0x0000000800178f78, R9 =0x003b312473656369, R10=0x0000000000000035, R11=0x0000000000000030
R12=0x00007fad70022280, R13=0x00007fad700222d0, R14=0x0000000800178f78, R15=0x00007fadbc2b8620
RIP=0x00007fadc1bfd069, EFLAGS=0x0000000000010246, CSGSFS=0x002b000000000033, ERR=0x0000000000000004
  TRAPNO=0x000000000000000e

Top of Stack: (sp=0x00007fad8b0fe940)
0x00007fad8b0fe940:   0000000800178f78 00007fad70022280
0x00007fad8b0fe950:   00007fad8b0fe9c0 00007fadc180ee35
0x00007fad8b0fe960:   0000000800178f78 00000000000003d8
0x00007fad8b0fe970:   00007fadbc021170 00007fad70022668 

Instructions: (pc=0x00007fadc1bfd069)
0x00007fadc1bfcf69:   89 c8 39 ca 0f 84 a2 00 00 00 41 89 d1 29 ce 41
0x00007fadc1bfcf79:   29 c9 83 fe 06 76 18 8d 71 06 48 8b 34 37 49 89
0x00007fadc1bfcf89:   34 08 44 89 c9 83 e1 f8 01 c8 41 39 c9 74 7d 48
0x00007fadc1bfcf99:   63 c8 0f b6 74 0f 06 41 88 34 08 8d 48 01 39 ca
0x00007fadc1bfcfa9:   7e 6a 48 63 c9 0f b6 74 0f 06 41 88 34 08 8d 48
0x00007fadc1bfcfb9:   02 39 ca 7e 57 48 63 c9 0f b6 74 0f 06 41 88 34
0x00007fadc1bfcfc9:   08 8d 48 03 39 ca 7e 44 48 63 c9 0f b6 74 0f 06
0x00007fadc1bfcfd9:   41 88 34 08 8d 48 04 39 ca 7e 31 48 63 c9 0f b6
0x00007fadc1bfcfe9:   74 0f 06 41 88 34 08 8d 48 05 39 ca 7e 1e 48 63
0x00007fadc1bfcff9:   c9 83 c0 06 0f b6 74 0f 06 41 88 34 08 39 c2 7e
0x00007fadc1bfd009:   0b 48 98 0f b6 4c 07 06 41 88 0c 00 48 63 d2 41
0x00007fadc1bfd019:   c6 04 10 00 4c 89 c0 c3 0f 1f 80 00 00 00 00 89
0x00007fadc1bfd029:   d6 31 c0 0f 1f 40 00 0f b6 4c 07 06 41 88 0c 00
0x00007fadc1bfd039:   48 83 c0 01 48 39 f0 75 ee 48 63 d2 41 c6 04 10
0x00007fadc1bfd049:   00 eb d1 31 c9 31 c0 e9 2b ff ff ff 90 66 2e 0f
0x00007fadc1bfd059:   1f 84 00 00 00 00 00 55 31 f6 48 89 e5 41 54 53
0x00007fadc1bfd069:   44 0f b7 67 04 48 89 fb 41 8d 7c 24 01 48 63 ff
0x00007fadc1bfd079:   e8 92 61 eb ff 0f b7 53 04 49 89 c0 44 39 e2 41
0x00007fadc1bfd089:   0f 4f d4 85 d2 0f 84 fd 00 00 00 48 8d 4b 07 89
0x00007fadc1bfd099:   d7 8d 72 ff 48 29 c8 48 83 f8 0e 0f 86 fe 00 00
0x00007fadc1bfd0a9:   00 83 fe 06 0f 86 f5 00 00 00 83 fe 0e 0f 86 16
0x00007fadc1bfd0b9:   01 00 00 89 d1 31 c0 c1 e9 04 48 c1 e1 04 66 0f
0x00007fadc1bfd0c9:   1f 84 00 00 00 00 00 f3 0f 6f 44 03 06 41 0f 11
0x00007fadc1bfd0d9:   04 00 48 83 c0 10 48 39 c8 75 ec 89 d1 83 e1 f0
0x00007fadc1bfd0e9:   89 c8 39 ca 0f 84 9e 00 00 00 89 d7 29 ce 29 cf
0x00007fadc1bfd0f9:   83 fe 06 76 16 8d 71 06 48 8b 34 33 49 89 34 08
0x00007fadc1bfd109:   89 f9 83 e1 f8 01 c8 39 cf 74 7d 48 63 c8 0f b6
0x00007fadc1bfd119:   74 0b 06 41 88 34 08 8d 48 01 39 ca 7e 6a 48 63
0x00007fadc1bfd129:   c9 0f b6 74 0b 06 41 88 34 08 8d 48 02 39 ca 7e
0x00007fadc1bfd139:   57 48 63 c9 0f b6 74 0b 06 41 88 34 08 8d 48 03
0x00007fadc1bfd149:   39 ca 7e 44 48 63 c9 0f b6 74 0b 06 41 88 34 08
0x00007fadc1bfd159:   8d 48 04 39 ca 7e 31 48 63 c9 0f b6 74 0b 06 41 


Stack slot to memory mapping:
stack at sp + 0 slots: 0x0000000800178f78 is a pointer to class: 
com.tiwari.studence.common.bquery.BQueryTableServices$1 {0x0000000800178f78}
 - instance size:     4
 - klass size:        72
 - access:            synchronized 
 - state:             fully_initialized
 - name:              'com/tiwari/studence/common/bquery/BQueryTableServices$1'
 - super:             'com/tiwari/studence/util/callable/ALoggableCallable'
 - sub:               
 - arrays:            NULL
 - methods:           Array<T>(0x00007fad8984c428)
 - method ordering:   Array<T>(0x00007fad8984c7c0)
 - default_methods:   Array<T>(0x0000000000000000)
 - local interfaces:  Array<T>(0x00007fad8b800058)
 - trans. interfaces: Array<T>(0x00007fad8a501ab0)
 - constants:         constant pool [196] {0x00007fad8984d4c8} for 'com/tiwari/studence/common/bquery/BQueryTableServices$1' cache=0x00007fad8984dbe8
 - class loader data:  loader data: 0x00007fadbc26e310 for instance a 'jdk/internal/loader/ClassLoaders$AppClassLoader'{0x000000074683b2c0}
 - source file:       'BQueryTableServices.java'
 - source debug extension:       SMAP
BQueryTableServices.java
Java
*S jdt
*F
1 BQueryTableServices.java
2 file:/home/tiwaritiwari/Studence/Studence-Server/studence-common/target/classes/
*L
*E

 - class annotations:       Array<T>(0x0000000000000000)
 - class type annotations:  Array<T>(0x0000000000000000)
 - field annotations:       Array<T>(0x0000000000000000)
 - field type annotations:  Array<T>(0x0000000000000000)
 - previous version:  constant pool [144] {0x00007fad8a501d90} for 'com/tiwari/studence/common/bquery/BQueryTableServices$1' (extra) cache=0x00007fad8a5c8960
 - generic signature: '
[error occurred during error reporting (inspecting top of stack), id 0xb, SIGSEGV (0xb) at pc=0x00007fadc1bfdfdb]


---------------  P R O C E S S  ---------------

Threads class SMR info:
_java_thread_list=0x00007fad40014a60, length=15, elements={
0x00007fadbc030c60, 0x00007fadbc1a8870, 0x00007fadbc1a9ec0, 0x00007fadbc1ced40,
0x00007fadbc1d00f0, 0x00007fadbc1d1500, 0x00007fadbc1d2b80, 0x00007fadbc1d4060,
0x00007fadbc1d54d0, 0x00007fadbc263ac0, 0x00007fadbc2c8ae0, 0x00007fadbc2cbcf0,
0x00007fad60001130, 0x00007fadbd371430, 0x00007fadbd662870
}

Java Threads: ( => current thread )
  0x00007fadbc030c60 JavaThread "main" [_thread_blocked, id=6560, stack(0x00007fadc0c21000,0x00007fadc0d21000)]
  0x00007fadbc1a8870 JavaThread "Reference Handler" daemon [_thread_blocked, id=6567, stack(0x00007fada04d1000,0x00007fada05d1000)]
  0x00007fadbc1a9ec0 JavaThread "Finalizer" daemon [_thread_blocked, id=6568, stack(0x00007fada03d1000,0x00007fada04d1000)]
  0x00007fadbc1ced40 JavaThread "Signal Dispatcher" daemon [_thread_blocked, id=6569, stack(0x00007fada02d1000,0x00007fada03d1000)]
  0x00007fadbc1d00f0 JavaThread "Service Thread" daemon [_thread_blocked, id=6570, stack(0x00007fada01d1000,0x00007fada02d1000)]
  0x00007fadbc1d1500 JavaThread "Monitor Deflation Thread" daemon [_thread_blocked, id=6571, stack(0x00007fada00d1000,0x00007fada01d1000)]
  0x00007fadbc1d2b80 JavaThread "C2 CompilerThread0" daemon [_thread_blocked, id=6572, stack(0x00007fad8b700000,0x00007fad8b800000)]
  0x00007fadbc1d4060 JavaThread "C1 CompilerThread0" daemon [_thread_blocked, id=6573, stack(0x00007fad8b300000,0x00007fad8b400000)]
  0x00007fadbc1d54d0 JavaThread "Sweeper thread" daemon [_thread_blocked, id=6574, stack(0x00007fad8b200000,0x00007fad8b300000)]
  0x00007fadbc263ac0 JavaThread "Common-Cleaner" daemon [_thread_blocked, id=6575, stack(0x00007fad8b100000,0x00007fad8b200000)]
=>0x00007fadbc2c8ae0 JavaThread "JDWP Transport Listener: dt_socket" daemon [_thread_in_vm, id=6577, stack(0x00007fad8b000000,0x00007fad8b100000)]
  0x00007fadbc2cbcf0 JavaThread "JDWP Event Helper Thread" daemon [_thread_blocked, id=6579, stack(0x00007fad8af00000,0x00007fad8b000000)]
  0x00007fad60001130 JavaThread "JDWP Command Reader" daemon [_thread_in_native, id=6581, stack(0x00007fad8ae00000,0x00007fad8af00000)]
  0x00007fadbd371430 JavaThread "Notification Thread" daemon [_thread_blocked, id=6588, stack(0x00007fad8a9fa000,0x00007fad8aafa000)]
  0x00007fadbd662870 JavaThread "pool-1-thread-1" [_thread_blocked, id=6594, stack(0x00007fad89e00000,0x00007fad89f00000)]

Other Threads:
  0x00007fadbc159300 VMThread "VM Thread" [stack: 0x00007fada05d3000,0x00007fada06d3000] [id=6566]
  0x00007fadbc1f3170 WatcherThread [stack: 0x00007fad8a8fa000,0x00007fad8a9fa000] [id=6589]
  0x00007fadbc0880b0 GCTaskThread "GC Thread#0" [stack: 0x00007fadbbf00000,0x00007fadbc000000] [id=6561]
  0x00007fad84005290 GCTaskThread "GC Thread#1" [stack: 0x00007fad8ad00000,0x00007fad8ae00000] [id=6584]
  0x00007fad84005cc0 GCTaskThread "GC Thread#2" [stack: 0x00007fad8abfe000,0x00007fad8acfe000] [id=6585]
  0x00007fad840066f0 GCTaskThread "GC Thread#3" [stack: 0x00007fad8aafc000,0x00007fad8abfc000] [id=6586]
  0x00007fadbc095090 ConcurrentGCThread "G1 Main Marker" [stack: 0x00007fada2e60000,0x00007fada2f60000] [id=6562]
  0x00007fadbc095ff0 ConcurrentGCThread "G1 Conc#0" [stack: 0x00007fada2d5e000,0x00007fada2e5e000] [id=6563]
  0x00007fadbc114580 ConcurrentGCThread "G1 Refine#0" [stack: 0x00007fada0858000,0x00007fada0958000] [id=6564]
  0x00007fadbc115470 ConcurrentGCThread "G1 Service" [stack: 0x00007fada0756000,0x00007fada0856000] [id=6565]

Threads with active compile tasks:

VM state: not at safepoint (normal execution)

VM Mutex/Monitor currently owned by a thread: None

Heap address: 0x0000000746000000, size: 2976 MB, Compressed Oops mode: Zero based, Oop shift amount: 3

CDS archive(s) not mapped
Compressed class space mapped at: 0x0000000800000000-0x0000000840000000, reserved size: 1073741824
Narrow klass base: 0x0000000800000000, Narrow klass shift: 0, Narrow klass range: 0x40000000

GC Precious Log:
 CPUs: 4 total, 4 available
 Memory: 11902M
 Large Page Support: Disabled
 NUMA Support: Disabled
 Compressed Oops: Enabled (Zero based)
 Heap Region Size: 2M
 Heap Min Capacity: 8M
 Heap Initial Capacity: 186M
 Heap Max Capacity: 2976M
 Pre-touch: Disabled
 Parallel Workers: 4
 Concurrent Workers: 1
 Concurrent Refinement Workers: 4
 Periodic GC: Disabled

Heap:
 garbage-first heap   total 102400K, used 39337K [0x0000000746000000, 0x0000000800000000)
  region size 2048K, 10 young (20480K), 3 survivors (6144K)
 Metaspace       used 23260K, committed 23424K, reserved 1073152K
  class space    used 2523K, committed 2624K, reserved 1048576K

Heap Regions: E=young(eden), S=young(survivor), O=old, HS=humongous(starts), HC=humongous(continues), CS=collection set, F=free, OA=open archive, CA=closed archive, TAMS=top-at-mark-start (previous, next)
|   0|0x0000000746000000, 0x0000000746200000, 0x0000000746200000|100%| O|  |TAMS 0x0000000746200000, 0x0000000746000000| Untracked 
|   1|0x0000000746200000, 0x0000000746400000, 0x0000000746400000|100%| O|  |TAMS 0x0000000746400000, 0x0000000746200000| Untracked 
|   2|0x0000000746400000, 0x0000000746600000, 0x0000000746600000|100%| O|  |TAMS 0x0000000746600000, 0x0000000746400000| Untracked 
|   3|0x0000000746600000, 0x0000000746800000, 0x0000000746800000|100%| O|  |TAMS 0x0000000746800000, 0x0000000746600000| Untracked 
|   4|0x0000000746800000, 0x0000000746a00000, 0x0000000746a00000|100%| O|  |TAMS 0x0000000746a00000, 0x0000000746800000| Untracked 
|   5|0x0000000746a00000, 0x0000000746c00000, 0x0000000746c00000|100%| O|  |TAMS 0x0000000746c00000, 0x0000000746a00000| Untracked 
|   6|0x0000000746c00000, 0x0000000746e00000, 0x0000000746e00000|100%| O|  |TAMS 0x0000000746e00000, 0x0000000746c00000| Untracked 
|   7|0x0000000746e00000, 0x0000000747000000, 0x0000000747000000|100%| O|  |TAMS 0x0000000747000000, 0x0000000746e00000| Untracked 
|   8|0x0000000747000000, 0x0000000747200000, 0x0000000747200000|100%| O|  |TAMS 0x0000000747200000, 0x0000000747000000| Untracked 
|   9|0x0000000747200000, 0x0000000747400000, 0x0000000747400000|100%| O|  |TAMS 0x0000000747400000, 0x0000000747200000| Untracked 
|  10|0x0000000747400000, 0x000000074753d200, 0x0000000747600000| 61%| O|  |TAMS 0x000000074753d200, 0x0000000747400000| Complete 
|  11|0x0000000747600000, 0x0000000747600000, 0x0000000747800000|  0%| F|  |TAMS 0x0000000747600000, 0x0000000747600000| Untracked 
|  12|0x0000000747800000, 0x0000000747800000, 0x0000000747a00000|  0%| F|  |TAMS 0x0000000747800000, 0x0000000747800000| Untracked 
|  13|0x0000000747a00000, 0x0000000747a00000, 0x0000000747c00000|  0%| F|  |TAMS 0x0000000747a00000, 0x0000000747a00000| Untracked 
|  14|0x0000000747c00000, 0x0000000747c00000, 0x0000000747e00000|  0%| F|  |TAMS 0x0000000747c00000, 0x0000000747c00000| Untracked 
|  15|0x0000000747e00000, 0x0000000747e00000, 0x0000000748000000|  0%| F|  |TAMS 0x0000000747e00000, 0x0000000747e00000| Untracked 
|  16|0x0000000748000000, 0x0000000748000000, 0x0000000748200000|  0%| F|  |TAMS 0x0000000748000000, 0x0000000748000000| Untracked 
|  17|0x0000000748200000, 0x0000000748200000, 0x0000000748400000|  0%| F|  |TAMS 0x0000000748200000, 0x0000000748200000| Untracked 
|  18|0x0000000748400000, 0x0000000748400000, 0x0000000748600000|  0%| F|  |TAMS 0x0000000748400000, 0x0000000748400000| Untracked 
|  19|0x0000000748600000, 0x0000000748600000, 0x0000000748800000|  0%| F|  |TAMS 0x0000000748600000, 0x0000000748600000| Untracked 
|  20|0x0000000748800000, 0x0000000748800000, 0x0000000748a00000|  0%| F|  |TAMS 0x0000000748800000, 0x0000000748800000| Untracked 
|  21|0x0000000748a00000, 0x0000000748a00000, 0x0000000748c00000|  0%| F|  |TAMS 0x0000000748a00000, 0x0000000748a00000| Untracked 
|  22|0x0000000748c00000, 0x0000000748c00000, 0x0000000748e00000|  0%| F|  |TAMS 0x0000000748c00000, 0x0000000748c00000| Untracked 
|  23|0x0000000748e00000, 0x0000000748e00000, 0x0000000749000000|  0%| F|  |TAMS 0x0000000748e00000, 0x0000000748e00000| Untracked 
|  24|0x0000000749000000, 0x0000000749000000, 0x0000000749200000|  0%| F|  |TAMS 0x0000000749000000, 0x0000000749000000| Untracked 
|  25|0x0000000749200000, 0x0000000749200000, 0x0000000749400000|  0%| F|  |TAMS 0x0000000749200000, 0x0000000749200000| Untracked 
|  26|0x0000000749400000, 0x0000000749400000, 0x0000000749600000|  0%| F|  |TAMS 0x0000000749400000, 0x0000000749400000| Untracked 
|  27|0x0000000749600000, 0x0000000749600000, 0x0000000749800000|  0%| F|  |TAMS 0x0000000749600000, 0x0000000749600000| Untracked 
|  28|0x0000000749800000, 0x0000000749800000, 0x0000000749a00000|  0%| F|  |TAMS 0x0000000749800000, 0x0000000749800000| Untracked 
|  29|0x0000000749a00000, 0x0000000749a00000, 0x0000000749c00000|  0%| F|  |TAMS 0x0000000749a00000, 0x0000000749a00000| Untracked 
|  30|0x0000000749c00000, 0x0000000749c00000, 0x0000000749e00000|  0%| F|  |TAMS 0x0000000749c00000, 0x0000000749c00000| Untracked 
|  31|0x0000000749e00000, 0x0000000749e00000, 0x000000074a000000|  0%| F|  |TAMS 0x0000000749e00000, 0x0000000749e00000| Untracked 
|  32|0x000000074a000000, 0x000000074a000000, 0x000000074a200000|  0%| F|  |TAMS 0x000000074a000000, 0x000000074a000000| Untracked 
|  33|0x000000074a200000, 0x000000074a200000, 0x000000074a400000|  0%| F|  |TAMS 0x000000074a200000, 0x000000074a200000| Untracked 
|  34|0x000000074a400000, 0x000000074a400000, 0x000000074a600000|  0%| F|  |TAMS 0x000000074a400000, 0x000000074a400000| Untracked 
|  35|0x000000074a600000, 0x000000074a600000, 0x000000074a800000|  0%| F|  |TAMS 0x000000074a600000, 0x000000074a600000| Untracked 
|  36|0x000000074a800000, 0x000000074a800000, 0x000000074aa00000|  0%| F|  |TAMS 0x000000074a800000, 0x000000074a800000| Untracked 
|  37|0x000000074aa00000, 0x000000074aa00000, 0x000000074ac00000|  0%| F|  |TAMS 0x000000074aa00000, 0x000000074aa00000| Untracked 
|  38|0x000000074ac00000, 0x000000074ac00000, 0x000000074ae00000|  0%| F|  |TAMS 0x000000074ac00000, 0x000000074ac00000| Untracked 
|  39|0x000000074ae00000, 0x000000074ae00000, 0x000000074b000000|  0%| F|  |TAMS 0x000000074ae00000, 0x000000074ae00000| Untracked 
|  40|0x000000074b000000, 0x000000074b18c440, 0x000000074b200000| 77%| E|  |TAMS 0x000000074b000000, 0x000000074b000000| Complete 
|  41|0x000000074b200000, 0x000000074b400000, 0x000000074b400000|100%| E|CS|TAMS 0x000000074b200000, 0x000000074b200000| Complete 
|  42|0x000000074b400000, 0x000000074b600000, 0x000000074b600000|100%| E|CS|TAMS 0x000000074b400000, 0x000000074b400000| Complete 
|  43|0x000000074b600000, 0x000000074b800000, 0x000000074b800000|100%| E|CS|TAMS 0x000000074b600000, 0x000000074b600000| Complete 
|  44|0x000000074b800000, 0x000000074ba00000, 0x000000074ba00000|100%| E|CS|TAMS 0x000000074b800000, 0x000000074b800000| Complete 
|  45|0x000000074ba00000, 0x000000074bc00000, 0x000000074bc00000|100%| E|CS|TAMS 0x000000074ba00000, 0x000000074ba00000| Complete 
|  53|0x000000074ca00000, 0x000000074cb2d5a0, 0x000000074cc00000| 58%| S|CS|TAMS 0x000000074ca00000, 0x000000074ca00000| Complete 
|  54|0x000000074cc00000, 0x000000074ce00000, 0x000000074ce00000|100%| S|CS|TAMS 0x000000074cc00000, 0x000000074cc00000| Complete 
|  55|0x000000074ce00000, 0x000000074d000000, 0x000000074d000000|100%| S|CS|TAMS 0x000000074ce00000, 0x000000074ce00000| Complete 
| 125|0x0000000755a00000, 0x0000000755c00000, 0x0000000755c00000|100%| E|CS|TAMS 0x0000000755a00000, 0x0000000755a00000| Complete 

Card table byte_map: [0x00007fada9230000,0x00007fada9800000] _byte_map_base: 0x00007fada5800000

Marking Bits (Prev, Next): (CMBitMap*) 0x00007fadbc088b70, (CMBitMap*) 0x00007fadbc088b30
 Prev Bits: [0x00007fada2f60000, 0x00007fada5de0000)
 Next Bits: [0x00007fada5de0000, 0x00007fada8c60000)

Polling page: 0x00007fadc2441000

Metaspace:

Usage:
  Non-class:     20.25 MB used.
      Class:      2.46 MB used.
       Both:     22.72 MB used.

Virtual space:
  Non-class space:       24.00 MB reserved,      20.31 MB ( 85%) committed,  3 nodes.
      Class space:        1.00 GB reserved,       2.56 MB ( <1%) committed,  1 nodes.
             Both:        1.02 GB reserved,      22.88 MB (  2%) committed. 

Chunk freelists:
   Non-Class:  3.69 MB
       Class:  1.48 MB
        Both:  5.17 MB

MaxMetaspaceSize: unlimited
CompressedClassSpaceSize: 1.00 GB
Initial GC threshold: 21.00 MB
Current GC threshold: 35.31 MB
CDS: off
MetaspaceReclaimPolicy: balanced
 - commit_granule_bytes: 65536.
 - commit_granule_words: 8192.
 - virtual_space_node_default_size: 1048576.
 - enlarge_chunks_in_place: 1.
 - new_chunks_are_fully_committed: 0.
 - uncommit_free_chunks: 1.
 - use_allocation_guard: 0.
 - handle_deallocations: 1.


Internal statistics:

num_allocs_failed_limit: 3.
num_arena_births: 76.
num_arena_deaths: 0.
num_vsnodes_births: 4.
num_vsnodes_deaths: 0.
num_space_committed: 366.
num_space_uncommitted: 0.
num_chunks_returned_to_freelist: 3.
num_chunks_taken_from_freelist: 434.
num_chunk_merges: 0.
num_chunk_splits: 269.
num_chunks_enlarged: 204.
num_purges: 0.
num_inconsistent_stats: 0.

CodeHeap 'non-profiled nmethods': size=120032Kb used=744Kb max_used=744Kb free=119287Kb
 bounds [0x00007fadb12c8000, 0x00007fadb1538000, 0x00007fadb8800000]
CodeHeap 'profiled nmethods': size=120028Kb used=2570Kb max_used=2570Kb free=117457Kb
 bounds [0x00007fada9d91000, 0x00007fadaa021000, 0x00007fadb12c8000]
CodeHeap 'non-nmethods': size=5700Kb used=1268Kb max_used=1283Kb free=4431Kb
 bounds [0x00007fada9800000, 0x00007fada9a70000, 0x00007fada9d91000]
 total_blobs=1843 nmethods=1325 adapters=432
 compilation: enabled
              stopped_count=0, restarted_count=0
 full_count=0

Compilation events (20 events):
Event: 45.137 Thread 0x00007fadbc1d4060 1321       3       com.sun.crypto.provider.AESCrypt::implEncryptBlock (953 bytes)
Event: 45.138 Thread 0x00007fadbc1d2b80 1324       4       java.lang.Object::<init> (1 bytes)
Event: 45.139 Thread 0x00007fadbc1d2b80 nmethod 1324 0x00007fadb1381a10 code [0x00007fadb1381ba0, 0x00007fadb1381c58]
Event: 45.140 Thread 0x00007fadbc1d4060 nmethod 1321 0x00007fadaa00d490 code [0x00007fadaa00d6c0, 0x00007fadaa00e470]
Event: 45.140 Thread 0x00007fadbc1d4060 1323       3       com.sun.crypto.provider.GHASH::blockMult (245 bytes)
Event: 45.140 Thread 0x00007fadbc1d4060 nmethod 1323 0x00007fadaa00f090 code [0x00007fadaa00f260, 0x00007fadaa00f6d0]
Event: 45.140 Thread 0x00007fadbc1d4060 1320       3       com.sun.crypto.provider.AESCrypt::encryptBlock (10 bytes)
Event: 45.141 Thread 0x00007fadbc1d4060 nmethod 1320 0x00007fadaa00fa10 code [0x00007fadaa00fbc0, 0x00007fadaa00fd20]
Event: 45.141 Thread 0x00007fadbc1d4060 1322       3       com.sun.crypto.provider.GHASH::processBlock (37 bytes)
Event: 45.142 Thread 0x00007fadbc1d4060 nmethod 1322 0x00007fadaa00fe10 code [0x00007fadaa0100c0, 0x00007fadaa010d60]
Event: 45.142 Thread 0x00007fadbc1d4060 1318       3       java.util.concurrent.locks.ReentrantLock$Sync::lock (13 bytes)
Event: 45.143 Thread 0x00007fadbc1d4060 nmethod 1318 0x00007fadaa011310 code [0x00007fadaa0114e0, 0x00007fadaa011770]
Event: 45.143 Thread 0x00007fadbc1d4060 1319       3       java.util.concurrent.locks.ReentrantLock$NonfairSync::initialTryLock (58 bytes)
Event: 45.143 Thread 0x00007fadbc1d4060 nmethod 1319 0x00007fadaa011810 code [0x00007fadaa011a00, 0x00007fadaa011e10]
Event: 45.154 Thread 0x00007fadbc1d4060 1325       3       java.util.concurrent.ConcurrentHashMap$Traverser::advance (188 bytes)
Event: 45.155 Thread 0x00007fadbc1d4060 nmethod 1325 0x00007fadaa011f90 code [0x00007fadaa0121e0, 0x00007fadaa012de0]
Event: 45.156 Thread 0x00007fadbc1d4060 1326       3       java.util.Arrays::fill (21 bytes)
Event: 45.156 Thread 0x00007fadbc1d4060 nmethod 1326 0x00007fadaa013090 code [0x00007fadaa013240, 0x00007fadaa0133f0]
Event: 45.156 Thread 0x00007fadbc1d4060 1327  s    3       java.io.ByteArrayOutputStream::toByteArray (12 bytes)
Event: 45.156 Thread 0x00007fadbc1d4060 nmethod 1327 0x00007fadaa013510 code [0x00007fadaa0136c0, 0x00007fadaa0138c0]

GC Heap History (10 events):
Event: 0.448 GC heap before
{Heap before GC invocations=0 (full 0):
 garbage-first heap   total 190464K, used 10240K [0x0000000746000000, 0x0000000800000000)
  region size 2048K, 6 young (12288K), 0 survivors (0K)
 Metaspace       used 5975K, committed 6080K, reserved 1056768K
  class space    used 480K, committed 512K, reserved 1048576K
}
Event: 0.456 GC heap after
{Heap after GC invocations=1 (full 0):
 garbage-first heap   total 190464K, used 10441K [0x0000000746000000, 0x0000000800000000)
  region size 2048K, 1 young (2048K), 1 survivors (2048K)
 Metaspace       used 5975K, committed 6080K, reserved 1056768K
  class space    used 480K, committed 512K, reserved 1048576K
}
Event: 0.494 GC heap before
{Heap before GC invocations=1 (full 0):
 garbage-first heap   total 190464K, used 14537K [0x0000000746000000, 0x0000000800000000)
  region size 2048K, 4 young (8192K), 1 survivors (2048K)
 Metaspace       used 6154K, committed 6272K, reserved 1056768K
  class space    used 493K, committed 512K, reserved 1048576K
}
Event: 0.499 GC heap after
{Heap after GC invocations=2 (full 0):
 garbage-first heap   total 190464K, used 16285K [0x0000000746000000, 0x0000000800000000)
  region size 2048K, 1 young (2048K), 1 survivors (2048K)
 Metaspace       used 6154K, committed 6272K, reserved 1056768K
  class space    used 493K, committed 512K, reserved 1048576K
}
Event: 0.924 GC heap before
{Heap before GC invocations=2 (full 0):
 garbage-first heap   total 190464K, used 26525K [0x0000000746000000, 0x0000000800000000)
  region size 2048K, 7 young (14336K), 1 survivors (2048K)
 Metaspace       used 10177K, committed 10368K, reserved 1064960K
  class space    used 895K, committed 960K, reserved 1048576K
}
Event: 0.933 GC heap after
{Heap after GC invocations=3 (full 0):
 garbage-first heap   total 190464K, used 23796K [0x0000000746000000, 0x0000000800000000)
  region size 2048K, 1 young (2048K), 1 survivors (2048K)
 Metaspace       used 10177K, committed 10368K, reserved 1064960K
  class space    used 895K, committed 960K, reserved 1048576K
}
Event: 1.283 GC heap before
{Heap before GC invocations=3 (full 0):
 garbage-first heap   total 190464K, used 40180K [0x0000000746000000, 0x0000000800000000)
  region size 2048K, 9 young (18432K), 1 survivors (2048K)
 Metaspace       used 12040K, committed 12224K, reserved 1064960K
  class space    used 1132K, committed 1216K, reserved 1048576K
}
Event: 1.287 GC heap after
{Heap after GC invocations=4 (full 0):
 garbage-first heap   total 190464K, used 24068K [0x0000000746000000, 0x0000000800000000)
  region size 2048K, 2 young (4096K), 2 survivors (4096K)
 Metaspace       used 12040K, committed 12224K, reserved 1064960K
  class space    used 1132K, committed 1216K, reserved 1048576K
}
Event: 33.695 GC heap before
{Heap before GC invocations=4 (full 0):
 garbage-first heap   total 190464K, used 93700K [0x0000000746000000, 0x0000000800000000)
  region size 2048K, 37 young (75776K), 2 survivors (4096K)
 Metaspace       used 21378K, committed 21504K, reserved 1073152K
  class space    used 2288K, committed 2368K, reserved 1048576K
}
Event: 33.703 GC heap after
{Heap after GC invocations=5 (full 0):
 garbage-first heap   total 258048K, used 27049K [0x0000000746000000, 0x0000000800000000)
  region size 2048K, 3 young (6144K), 3 survivors (6144K)
 Metaspace       used 21378K, committed 21504K, reserved 1073152K
  class space    used 2288K, committed 2368K, reserved 1048576K
}

Deoptimization events (20 events):
Event: 1.751 Thread 0x00007fadbc030c60 Uncommon trap: trap_request=0xffffffc6 fr.pc=0x00007fadb131fa54 relative=0x0000000000000394
Event: 1.751 Thread 0x00007fadbc030c60 Uncommon trap: reason=bimorphic_or_optimized_type_check action=maybe_recompile pc=0x00007fadb131fa54 method=java.util.HashMap.getNode(Ljava/lang/Object;)Ljava/util/HashMap$Node; @ 128 c2
Event: 1.751 Thread 0x00007fadbc030c60 DEOPT PACKING pc=0x00007fadb131fa54 sp=0x00007fadc0d1e730
Event: 1.751 Thread 0x00007fadbc030c60 DEOPT UNPACKING pc=0x00007fada9852099 sp=0x00007fadc0d1e6e8 mode 2
Event: 1.763 Thread 0x00007fadbc030c60 Uncommon trap: trap_request=0xffffffc6 fr.pc=0x00007fadb131fa54 relative=0x0000000000000394
Event: 1.763 Thread 0x00007fadbc030c60 Uncommon trap: reason=bimorphic_or_optimized_type_check action=maybe_recompile pc=0x00007fadb131fa54 method=java.util.HashMap.getNode(Ljava/lang/Object;)Ljava/util/HashMap$Node; @ 128 c2
Event: 1.763 Thread 0x00007fadbc030c60 DEOPT PACKING pc=0x00007fadb131fa54 sp=0x00007fadc0d1e730
Event: 1.763 Thread 0x00007fadbc030c60 DEOPT UNPACKING pc=0x00007fada9852099 sp=0x00007fadc0d1e6e8 mode 2
Event: 1.773 Thread 0x00007fadbc030c60 DEOPT PACKING pc=0x00007fada9f13d03 sp=0x00007fadc0d19520
Event: 1.773 Thread 0x00007fadbc030c60 DEOPT UNPACKING pc=0x00007fada985282f sp=0x00007fadc0d18a30 mode 0
Event: 1.852 Thread 0x00007fadbc030c60 DEOPT PACKING pc=0x00007fada9e63fbf sp=0x00007fadc0d1a7a0
Event: 1.852 Thread 0x00007fadbc030c60 DEOPT UNPACKING pc=0x00007fada985282f sp=0x00007fadc0d19ca0 mode 0
Event: 1.974 Thread 0x00007fadbc030c60 Uncommon trap: trap_request=0xffffff45 fr.pc=0x00007fadb13340e8 relative=0x0000000000000148
Event: 1.974 Thread 0x00007fadbc030c60 Uncommon trap: reason=unstable_if action=reinterpret pc=0x00007fadb13340e8 method=org.eclipse.jdt.launching.internal.org.objectweb.asm.ByteVector.putByteArray([BII)Lorg/eclipse/jdt/launching/internal/org/objectweb/asm/ByteVector; @ 20 c2
Event: 1.974 Thread 0x00007fadbc030c60 DEOPT PACKING pc=0x00007fadb13340e8 sp=0x00007fadc0d146d0
Event: 1.974 Thread 0x00007fadbc030c60 DEOPT UNPACKING pc=0x00007fada9852099 sp=0x00007fadc0d146b0 mode 2
Event: 45.153 Thread 0x00007fad342e4770 DEOPT PACKING pc=0x00007fada9e48dcf sp=0x00007fad89ffe390
Event: 45.154 Thread 0x00007fad342e4770 DEOPT UNPACKING pc=0x00007fada985282f sp=0x00007fad89ffd878 mode 1
Event: 45.172 Thread 0x00007fad342e4770 DEOPT PACKING pc=0x00007fada9e48dcf sp=0x00007fad89ffe390
Event: 45.172 Thread 0x00007fad342e4770 DEOPT UNPACKING pc=0x00007fada985282f sp=0x00007fad89ffd878 mode 1

Classes unloaded (0 events):
No events

Classes redefined (2 events):
Event: 325.455 Thread 0x00007fadbc159300 redefined class name=com.tiwari.studence.common.bquery.BQueryTableServices, count=1
Event: 325.455 Thread 0x00007fadbc159300 redefined class name=com.tiwari.studence.common.bquery.BQueryTableServices$1, count=1

Internal exceptions (19 events):
Event: 1.126 Thread 0x00007fadbc030c60 Exception <a 'java/lang/NoSuchMethodError'{0x0000000751043718}: 'void java.lang.invoke.DirectMethodHandle$Holder.invokeSpecial(java.lang.Object, java.lang.Object, java.lang.Object)'> (0x0000000751043718) 
thrown [src/hotspot/share/interpreter/linkResolver.cpp, line 758]
Event: 1.209 Thread 0x00007fadbc030c60 Exception <a 'java/lang/NoSuchMethodError'{0x0000000750cc5f68}: 'java.lang.Object java.lang.invoke.DirectMethodHandle$Holder.invokeInterface(java.lang.Object, java.lang.Object)'> (0x0000000750cc5f68) 
thrown [src/hotspot/share/interpreter/linkResolver.cpp, line 758]
Event: 1.212 Thread 0x00007fadbc030c60 Exception <a 'java/lang/NoSuchMethodError'{0x0000000750cceaf0}: 'int java.lang.invoke.DirectMethodHandle$Holder.invokeSpecial(java.lang.Object, java.lang.Object, java.lang.Object)'> (0x0000000750cceaf0) 
thrown [src/hotspot/share/interpreter/linkResolver.cpp, line 758]
Event: 1.248 Thread 0x00007fadbc030c60 Exception <a 'java/lang/NoSuchMethodError'{0x00000007508d38d8}: 'java.lang.Object java.lang.invoke.Invokers$Holder.invokeExact_MT(java.lang.Object, java.lang.Object, java.lang.Object, java.lang.Object, java.lang.Object, java.lang.Object)'> (0x00000007508d38d8) 
thrown [src/hotspot/share/interpreter/linkResolver.cpp, line 758]
Event: 1.253 Thread 0x00007fadbc030c60 Exception <a 'java/lang/NoSuchMethodError'{0x00000007508e8ea0}: 'int java.lang.invoke.DirectMethodHandle$Holder.invokeSpecialIFC(java.lang.Object, java.lang.Object, java.lang.Object, java.lang.Object, java.lang.Object)'> (0x00000007508e8ea0) 
thrown [src/hotspot/share/interpreter/linkResolver.cpp, line 758]
Event: 1.384 Thread 0x00007fadbc030c60 Exception <a 'java/lang/NoSuchMethodError'{0x0000000751425a28}: 'void java.lang.invoke.DirectMethodHandle$Holder.invokeStatic(java.lang.Object, java.lang.Object)'> (0x0000000751425a28) 
thrown [src/hotspot/share/interpreter/linkResolver.cpp, line 758]
Event: 1.393 Thread 0x00007fadbc030c60 Exception <a 'java/lang/NoSuchMethodError'{0x0000000751446298}: 'int java.lang.invoke.DirectMethodHandle$Holder.invokeSpecial(java.lang.Object, java.lang.Object, java.lang.Object, java.lang.Object)'> (0x0000000751446298) 
thrown [src/hotspot/share/interpreter/linkResolver.cpp, line 758]
Event: 1.485 Thread 0x00007fadbc030c60 Exception <a 'java/lang/NoSuchMethodError'{0x00000007513ce810}: 'java.lang.Object java.lang.invoke.DirectMethodHandle$Holder.newInvokeSpecial(java.lang.Object, java.lang.Object, java.lang.Object, java.lang.Object, java.lang.Object)'> (0x00000007513ce810) 
thrown [src/hotspot/share/interpreter/linkResolver.cpp, line 758]
Event: 1.524 Thread 0x00007fadbc030c60 Exception <a 'java/lang/NoSuchMethodError'{0x00000007511bd400}: 'int java.lang.invoke.DirectMethodHandle$Holder.invokeStaticInit(java.lang.Object, java.lang.Object)'> (0x00000007511bd400) 
thrown [src/hotspot/share/interpreter/linkResolver.cpp, line 758]
Event: 1.585 Thread 0x00007fadbc030c60 Exception <a 'java/lang/NoSuchMethodError'{0x0000000750d80960}: 'void java.lang.invoke.DirectMethodHandle$Holder.invokeStatic(java.lang.Object, java.lang.Object, java.lang.Object)'> (0x0000000750d80960) 
thrown [src/hotspot/share/interpreter/linkResolver.cpp, line 758]
Event: 1.585 Thread 0x00007fadbc030c60 Exception <a 'java/lang/NoSuchMethodError'{0x0000000750d84070}: 'void java.lang.invoke.DirectMethodHandle$Holder.invokeStaticInit(java.lang.Object, java.lang.Object, java.lang.Object)'> (0x0000000750d84070) 
thrown [src/hotspot/share/interpreter/linkResolver.cpp, line 758]
Event: 1.612 Thread 0x00007fadbc030c60 Exception <a 'java/lang/ExceptionInInitializerError'{0x0000000750de5d28}> (0x0000000750de5d28) 
thrown [src/hotspot/share/oops/instanceKlass.cpp, line 1166]
Event: 1.683 Thread 0x00007fadbc030c60 Exception <a 'java/lang/NoSuchMethodError'{0x00000007508aa4a0}: 'java.lang.Object java.lang.invoke.DirectMethodHandle$Holder.invokeStaticInit(java.lang.Object)'> (0x00000007508aa4a0) 
thrown [src/hotspot/share/interpreter/linkResolver.cpp, line 758]
Event: 1.688 Thread 0x00007fadbc030c60 Exception <a 'java/lang/NoSuchMethodError'{0x00000007508d2f68}: 'java.lang.Object java.lang.invoke.Invokers$Holder.invokeExact_MT(java.lang.Object, int, java.lang.Object)'> (0x00000007508d2f68) 
thrown [src/hotspot/share/interpreter/linkResolver.cpp, line 758]
Event: 1.974 Thread 0x00007fadbc030c60 Implicit null exception at 0x00007fadb1333fee to 0x00007fadb13340cc
Event: 32.491 Thread 0x00007fadbd662870 Exception <a 'java/lang/NoSuchMethodError'{0x000000074dfaaa68}: 'int java.lang.invoke.DirectMethodHandle$Holder.invokeStaticInit(java.lang.Object, java.lang.Object, java.lang.Object, java.lang.Object)'> (0x000000074dfaaa68) 
thrown [src/hotspot/share/interpreter/linkResolver.cpp, line 758]
Event: 32.496 Thread 0x00007fadbd662870 Exception <a 'java/lang/IncompatibleClassChangeError'{0x000000074dfb3e70}: Found class java.lang.Object, but interface was expected> (0x000000074dfb3e70) 
thrown [src/hotspot/share/interpreter/linkResolver.cpp, line 826]
Event: 32.497 Thread 0x00007fadbd662870 Exception <a 'java/lang/NoSuchMethodError'{0x000000074dfb6d58}: 'void java.lang.invoke.DirectMethodHandle$Holder.invokeStaticInit(java.lang.Object, java.lang.Object)'> (0x000000074dfb6d58) 
thrown [src/hotspot/share/interpreter/linkResolver.cpp, line 758]
Event: 35.154 Thread 0x00007fadbd662870 Exception <a 'java/lang/NullPointerException'{0x000000074b6ef020}> (0x000000074b6ef020) 
thrown [src/hotspot/share/interpreter/linkResolver.cpp, line 1433]

VM Operations (20 events):
Event: 111.547 Executing VM operation: get/set locals
Event: 111.547 Executing VM operation: get/set locals done
Event: 111.561 Executing VM operation: get/set locals
Event: 111.561 Executing VM operation: get/set locals done
Event: 142.513 Executing VM operation: get/set locals
Event: 142.513 Executing VM operation: get/set locals done
Event: 142.514 Executing VM operation: get/set locals
Event: 142.514 Executing VM operation: get/set locals done
Event: 142.514 Executing VM operation: get/set locals
Event: 142.514 Executing VM operation: get/set locals done
Event: 142.514 Executing VM operation: get/set locals
Event: 142.514 Executing VM operation: get/set locals done
Event: 142.515 Executing VM operation: get/set locals
Event: 142.515 Executing VM operation: get/set locals done
Event: 325.438 Executing VM operation: ChangeSingleStep
Event: 325.439 Executing VM operation: ChangeSingleStep done
Event: 325.439 Executing VM operation: ChangeSingleStep
Event: 325.439 Executing VM operation: ChangeSingleStep done
Event: 325.452 Executing VM operation: RedefineClasses
Event: 325.469 Executing VM operation: RedefineClasses done

Events (20 events):
Event: 35.891 loading class sun/net/www/http/ChunkedOutputStream done
Event: 35.892 loading class java/util/zip/Deflater
Event: 35.892 loading class java/util/zip/Deflater done
Event: 35.892 loading class java/util/zip/Deflater$DeflaterZStreamRef
Event: 35.893 loading class java/util/zip/Deflater$DeflaterZStreamRef done
Event: 36.657 loading class sun/net/www/protocol/http/HttpURLConnection$10
Event: 36.657 loading class sun/net/www/protocol/http/HttpURLConnection$10 done
Event: 36.689 loading class java/io/CharConversionException
Event: 36.689 loading class java/io/CharConversionException done
Event: 36.832 loading class jdk/internal/reflect/UnsafeIntegerFieldAccessorImpl
Event: 36.832 loading class jdk/internal/reflect/UnsafeIntegerFieldAccessorImpl done
Event: 45.135 loading class sun/security/ssl/Alert
Event: 45.136 loading class sun/security/ssl/Alert done
Event: 45.136 loading class sun/security/ssl/Alert$AlertConsumer
Event: 45.136 loading class sun/security/ssl/Alert$AlertConsumer done
Event: 45.136 loading class sun/security/ssl/Alert$Level
Event: 45.136 loading class sun/security/ssl/Alert$Level done
Event: 45.172 loading class java/util/IdentityHashMap$KeyIterator
Event: 45.172 loading class java/util/IdentityHashMap$KeyIterator done
Event: 45.173 Thread 0x00007fad342e4770 Thread exited: 0x00007fad342e4770


Dynamic libraries:
746000000-74bc00000 rw-p 00000000 00:00 0 
74bc00000-74ca00000 ---p 00000000 00:00 0 
74ca00000-74d000000 rw-p 00000000 00:00 0 
74d000000-755a00000 ---p 00000000 00:00 0 
755a00000-755c00000 rw-p 00000000 00:00 0 
755c00000-800000000 ---p 00000000 00:00 0 
800000000-800020000 rw-p 00000000 00:00 0 
800020000-800040000 rw-p 00000000 00:00 0 
800040000-800100000 rw-p 00000000 00:00 0 
800100000-8001c0000 rw-p 00000000 00:00 0 
8001c0000-800200000 rw-p 00000000 00:00 0 
800200000-800240000 rw-p 00000000 00:00 0 
800240000-800290000 rw-p 00000000 00:00 0 
800290000-840000000 ---p 00000000 00:00 0 
5637ecc46000-5637ecc47000 r--p 00000000 08:02 29886463                   /root/.p2/pool/plugins/org.eclipse.justj.openjdk.hotspot.jre.full.linux.x86_64_17.0.4.v20221004-1257/jre/bin/java
5637ecc47000-5637ecc48000 r-xp 00001000 08:02 29886463                   /root/.p2/pool/plugins/org.eclipse.justj.openjdk.hotspot.jre.full.linux.x86_64_17.0.4.v20221004-1257/jre/bin/java
5637ecc48000-5637ecc49000 r--p 00002000 08:02 29886463                   /root/.p2/pool/plugins/org.eclipse.justj.openjdk.hotspot.jre.full.linux.x86_64_17.0.4.v20221004-1257/jre/bin/java
5637ecc49000-5637ecc4a000 r--p 00002000 08:02 29886463                   /root/.p2/pool/plugins/org.eclipse.justj.openjdk.hotspot.jre.full.linux.x86_64_17.0.4.v20221004-1257/jre/bin/java
5637ecc4a000-5637ecc4b000 rw-p 00003000 08:02 29886463                   /root/.p2/pool/plugins/org.eclipse.justj.openjdk.hotspot.jre.full.linux.x86_64_17.0.4.v20221004-1257/jre/bin/java
5637ee783000-5637ee7c5000 rw-p 00000000 00:00 0                          [heap]
7fad34000000-7fad34330000 rw-p 00000000 00:00 0 
7fad34330000-7fad38000000 ---p 00000000 00:00 0 
7fad38000000-7fad38021000 rw-p 00000000 00:00 0 
7fad38021000-7fad3c000000 ---p 00000000 00:00 0 
7fad3c000000-7fad3c021000 rw-p 00000000 00:00 0 
7fad3c021000-7fad40000000 ---p 00000000 00:00 0 
7fad40000000-7fad418df000 rw-p 00000000 00:00 0 
7fad418df000-7fad44000000 ---p 00000000 00:00 0 
7fad44000000-7fad44021000 rw-p 00000000 00:00 0 
7fad44021000-7fad48000000 ---p 00000000 00:00 0 
7fad48000000-7fad48021000 rw-p 00000000 00:00 0 
7fad48021000-7fad4c000000 ---p 00000000 00:00 0 
7fad4c000000-7fad4c021000 rw-p 00000000 00:00 0 
7fad4c021000-7fad50000000 ---p 00000000 00:00 0 
7fad50000000-7fad50021000 rw-p 00000000 00:00 0 
7fad50021000-7fad54000000 ---p 00000000 00:00 0 
7fad54000000-7fad54021000 rw-p 00000000 00:00 0 
7fad54021000-7fad58000000 ---p 00000000 00:00 0 
7fad58000000-7fad58021000 rw-p 00000000 00:00 0 
7fad58021000-7fad5c000000 ---p 00000000 00:00 0 
7fad5c000000-7fad5c021000 rw-p 00000000 00:00 0 
7fad5c021000-7fad60000000 ---p 00000000 00:00 0 
7fad60000000-7fad6043e000 rw-p 00000000 00:00 0 
7fad6043e000-7fad64000000 ---p 00000000 00:00 0 
7fad64000000-7fad64561000 rw-p 00000000 00:00 0 
7fad64561000-7fad68000000 ---p 00000000 00:00 0 
7fad68000000-7fad68021000 rw-p 00000000 00:00 0 
7fad68021000-7fad6c000000 ---p 00000000 00:00 0 
7fad6c000000-7fad6c021000 rw-p 00000000 00:00 0 
7fad6c021000-7fad70000000 ---p 00000000 00:00 0 
7fad70000000-7fad71b02000 rw-p 00000000 00:00 0 
7fad71b02000-7fad74000000 ---p 00000000 00:00 0 
7fad74000000-7fad74021000 rw-p 00000000 00:00 0 
7fad74021000-7fad78000000 ---p 00000000 00:00 0 
7fad78000000-7fad78021000 rw-p 00000000 00:00 0 
7fad78021000-7fad7c000000 ---p 00000000 00:00 0 
7fad7c000000-7fad7c021000 rw-p 00000000 00:00 0 
7fad7c021000-7fad80000000 ---p 00000000 00:00 0 
7fad80000000-7fad80021000 rw-p 00000000 00:00 0 
7fad80021000-7fad84000000 ---p 00000000 00:00 0 
7fad84000000-7fad84036000 rw-p 00000000 00:00 0 
7fad84036000-7fad88000000 ---p 00000000 00:00 0 
7fad89400000-7fad89480000 rw-p 00000000 00:00 0 
7fad89480000-7fad89500000 rw-p 00000000 00:00 0 
7fad89500000-7fad89700000 rw-p 00000000 00:00 0 
7fad89700000-7fad89740000 rw-p 00000000 00:00 0 
7fad89740000-7fad89780000 rw-p 00000000 00:00 0 
7fad89780000-7fad89850000 rw-p 00000000 00:00 0 
7fad89850000-7fad89c00000 ---p 00000000 00:00 0 
7fad89d00000-7fad89d04000 ---p 00000000 00:00 0 
7fad89d04000-7fad89e00000 rw-p 00000000 00:00 0 
7fad89e00000-7fad89e04000 ---p 00000000 00:00 0 
7fad89e04000-7fad89f00000 rw-p 00000000 00:00 0 
7fad89f00000-7fad89f04000 ---p 00000000 00:00 0 
7fad89f04000-7fad8a100000 rw-p 00000000 00:00 0 
7fad8a100000-7fad8a300000 rw-p 00000000 00:00 0 
7fad8a300000-7fad8a400000 rw-p 00000000 00:00 0 
7fad8a400000-7fad8a600000 rw-p 00000000 00:00 0 
7fad8a600000-7fad8a700000 rw-p 00000000 00:00 0 
7fad8a700000-7fad8a800000 rw-p 00000000 00:00 0 
7fad8a8f8000-7fad8a8f9000 ---p 00000000 00:00 0 
7fad8a8f9000-7fad8a9fa000 rw-p 00000000 00:00 0 
7fad8a9fa000-7fad8a9fe000 ---p 00000000 00:00 0 
7fad8a9fe000-7fad8aafa000 rw-p 00000000 00:00 0 
7fad8aafa000-7fad8aafb000 ---p 00000000 00:00 0 
7fad8aafb000-7fad8abfc000 rw-p 00000000 00:00 0 
7fad8abfc000-7fad8abfd000 ---p 00000000 00:00 0 
7fad8abfd000-7fad8acfe000 rw-p 00000000 00:00 0 
7fad8acfe000-7fad8acff000 ---p 00000000 00:00 0 
7fad8acff000-7fad8ae00000 rw-p 00000000 00:00 0 
7fad8ae00000-7fad8ae04000 ---p 00000000 00:00 0 
7fad8ae04000-7fad8af00000 rw-p 00000000 00:00 0 
7fad8af00000-7fad8af04000 ---p 00000000 00:00 0 
7fad8af04000-7fad8b000000 rw-p 00000000 00:00 0 
7fad8b000000-7fad8b004000 ---p 00000000 00:00 0 
7fad8b004000-7fad8b100000 rw-p 00000000 00:00 0 
7fad8b100000-7fad8b104000 ---p 00000000 00:00 0 
7fad8b104000-7fad8b200000 rw-p 00000000 00:00 0 
7fad8b200000-7fad8b204000 ---p 00000000 00:00 0 
7fad8b204000-7fad8b300000 rw-p 00000000 00:00 0 
7fad8b300000-7fad8b304000 ---p 00000000 00:00 0 
7fad8b304000-7fad8b400000 rw-p 00000000 00:00 0 
7fad8b400000-7fad8b6e9000 r--p 00000000 08:02 38279720                   /usr/lib/locale/locale-archive
7fad8b700000-7fad8b704000 ---p 00000000 00:00 0 
7fad8b704000-7fad8bd00000 rw-p 00000000 00:00 0 
7fad8bd00000-7fad8bd20000 rw-p 00000000 00:00 0 
7fad8bd20000-7fad8bd40000 rw-p 00000000 00:00 0 
7fad8bd40000-7fad8bd80000 rw-p 00000000 00:00 0 
7fad8bd80000-7fad8c000000 rw-p 00000000 00:00 0 
7fad8c000000-7fad8c021000 rw-p 00000000 00:00 0 
7fad8c021000-7fad90000000 ---p 00000000 00:00 0 
7fad90000000-7fad90021000 rw-p 00000000 00:00 0 
7fad90021000-7fad94000000 ---p 00000000 00:00 0 
7fad94000000-7fad94021000 rw-p 00000000 00:00 0 
7fad94021000-7fad98000000 ---p 00000000 00:00 0 
7fad98000000-7fad98021000 rw-p 00000000 00:00 0 
7fad98021000-7fad9c000000 ---p 00000000 00:00 0 
7fad9c000000-7fad9c021000 rw-p 00000000 00:00 0 
7fad9c021000-7fada0000000 ---p 00000000 00:00 0 
7fada00d1000-7fada00d5000 ---p 00000000 00:00 0 
7fada00d5000-7fada01d1000 rw-p 00000000 00:00 0 
7fada01d1000-7fada01d5000 ---p 00000000 00:00 0 
7fada01d5000-7fada02d1000 rw-p 00000000 00:00 0 
7fada02d1000-7fada02d5000 ---p 00000000 00:00 0 
7fada02d5000-7fada03d1000 rw-p 00000000 00:00 0 
7fada03d1000-7fada03d5000 ---p 00000000 00:00 0 
7fada03d5000-7fada04d1000 rw-p 00000000 00:00 0 
7fada04d1000-7fada04d5000 ---p 00000000 00:00 0 
7fada04d5000-7fada05d1000 rw-p 00000000 00:00 0 
7fada05d1000-7fada05d2000 ---p 00000000 00:00 0 
7fada05d2000-7fada0754000 rw-p 00000000 00:00 0 
7fada0754000-7fada0755000 ---p 00000000 00:00 0 
7fada0755000-7fada0856000 rw-p 00000000 00:00 0 
7fada0856000-7fada0857000 ---p 00000000 00:00 0 
7fada0857000-7fada2d5c000 rw-p 00000000 00:00 0 
7fada2d5c000-7fada2d5d000 ---p 00000000 00:00 0 
7fada2d5d000-7fada2e5e000 rw-p 00000000 00:00 0 
7fada2e5e000-7fada2e5f000 ---p 00000000 00:00 0 
7fada2e5f000-7fada30d0000 rw-p 00000000 00:00 0 
7fada30d0000-7fada3108000 ---p 00000000 00:00 0 
7fada3108000-7fada3120000 rw-p 00000000 00:00 0 
7fada3120000-7fada3348000 ---p 00000000 00:00 0 
7fada3348000-7fada3350000 rw-p 00000000 00:00 0 
7fada3350000-7fada5de0000 ---p 00000000 00:00 0 
7fada5de0000-7fada5f50000 rw-p 00000000 00:00 0 
7fada5f50000-7fada5f88000 ---p 00000000 00:00 0 
7fada5f88000-7fada5fa0000 rw-p 00000000 00:00 0 
7fada5fa0000-7fada61c8000 ---p 00000000 00:00 0 
7fada61c8000-7fada61d0000 rw-p 00000000 00:00 0 
7fada61d0000-7fada8c60000 ---p 00000000 00:00 0 
7fada8c60000-7fada8c8e000 rw-p 00000000 00:00 0 
7fada8c8e000-7fada8c95000 ---p 00000000 00:00 0 
7fada8c95000-7fada8c98000 rw-p 00000000 00:00 0 
7fada8c98000-7fada8cdd000 ---p 00000000 00:00 0 
7fada8cdd000-7fada8cde000 rw-p 00000000 00:00 0 
7fada8cde000-7fada9230000 ---p 00000000 00:00 0 
7fada9230000-7fada925e000 rw-p 00000000 00:00 0 
7fada925e000-7fada9265000 ---p 00000000 00:00 0 
7fada9265000-7fada9268000 rw-p 00000000 00:00 0 
7fada9268000-7fada92ad000 ---p 00000000 00:00 0 
7fada92ad000-7fada92ae000 rw-p 00000000 00:00 0 
7fada92ae000-7fada9800000 ---p 00000000 00:00 0 
7fada9800000-7fada9a70000 rwxp 00000000 00:00 0 
7fada9a70000-7fada9d91000 ---p 00000000 00:00 0 
7fada9d91000-7fadaa021000 rwxp 00000000 00:00 0 
7fadaa021000-7fadb12c8000 ---p 00000000 00:00 0 
7fadb12c8000-7fadb1538000 rwxp 00000000 00:00 0 
7fadb1538000-7fadb8800000 ---p 00000000 00:00 0 
7fadb8800000-7fadbbe5d000 r--s 00000000 08:02 29886839                   /root/.p2/pool/plugins/org.eclipse.justj.openjdk.hotspot.jre.full.linux.x86_64_17.0.4.v20221004-1257/jre/lib/modules
7fadbbe74000-7fadbbe78000 r--p 00000000 08:02 29886848                   /root/.p2/pool/plugins/org.eclipse.justj.openjdk.hotspot.jre.full.linux.x86_64_17.0.4.v20221004-1257/jre/lib/libnet.so
7fadbbe78000-7fadbbe86000 r-xp 00004000 08:02 29886848                   /root/.p2/pool/plugins/org.eclipse.justj.openjdk.hotspot.jre.full.linux.x86_64_17.0.4.v20221004-1257/jre/lib/libnet.so
7fadbbe86000-7fadbbe8a000 r--p 00012000 08:02 29886848                   /root/.p2/pool/plugins/org.eclipse.justj.openjdk.hotspot.jre.full.linux.x86_64_17.0.4.v20221004-1257/jre/lib/libnet.so
7fadbbe8a000-7fadbbe8b000 r--p 00015000 08:02 29886848                   /root/.p2/pool/plugins/org.eclipse.justj.openjdk.hotspot.jre.full.linux.x86_64_17.0.4.v20221004-1257/jre/lib/libnet.so
7fadbbe8b000-7fadbbe8c000 rw-p 00016000 08:02 29886848                   /root/.p2/pool/plugins/org.eclipse.justj.openjdk.hotspot.jre.full.linux.x86_64_17.0.4.v20221004-1257/jre/lib/libnet.so
7fadbbe8c000-7fadbbe93000 r--p 00000000 08:02 29886849                   /root/.p2/pool/plugins/org.eclipse.justj.openjdk.hotspot.jre.full.linux.x86_64_17.0.4.v20221004-1257/jre/lib/libnio.so
7fadbbe93000-7fadbbe9c000 r-xp 00007000 08:02 29886849                   /root/.p2/pool/plugins/org.eclipse.justj.openjdk.hotspot.jre.full.linux.x86_64_17.0.4.v20221004-1257/jre/lib/libnio.so
7fadbbe9c000-7fadbbea0000 r--p 00010000 08:02 29886849                   /root/.p2/pool/plugins/org.eclipse.justj.openjdk.hotspot.jre.full.linux.x86_64_17.0.4.v20221004-1257/jre/lib/libnio.so
7fadbbea0000-7fadbbea1000 ---p 00014000 08:02 29886849                   /root/.p2/pool/plugins/org.eclipse.justj.openjdk.hotspot.jre.full.linux.x86_64_17.0.4.v20221004-1257/jre/lib/libnio.so
7fadbbea1000-7fadbbea2000 r--p 00014000 08:02 29886849                   /root/.p2/pool/plugins/org.eclipse.justj.openjdk.hotspot.jre.full.linux.x86_64_17.0.4.v20221004-1257/jre/lib/libnio.so
7fadbbea2000-7fadbbea3000 rw-p 00015000 08:02 29886849                   /root/.p2/pool/plugins/org.eclipse.justj.openjdk.hotspot.jre.full.linux.x86_64_17.0.4.v20221004-1257/jre/lib/libnio.so
7fadbbea3000-7fadbbefe000 rw-p 00000000 00:00 0 
7fadbbefe000-7fadbbeff000 ---p 00000000 00:00 0 
7fadbbeff000-7fadbc000000 rw-p 00000000 00:00 0 
7fadbc000000-7fadbd67d000 rw-p 00000000 00:00 0 
7fadbd67d000-7fadc0000000 ---p 00000000 00:00 0 
7fadc0004000-7fadc00a5000 rw-p 00000000 00:00 0 
7fadc00a5000-7fadc00ac000 ---p 00000000 00:00 0 
7fadc00ac000-7fadc00af000 rw-p 00000000 00:00 0 
7fadc00af000-7fadc00f4000 ---p 00000000 00:00 0 
7fadc00f4000-7fadc00f5000 rw-p 00000000 00:00 0 
7fadc00f5000-7fadc0647000 ---p 00000000 00:00 0 
7fadc0647000-7fadc0a50000 rw-p 00000000 00:00 0 
7fadc0a50000-7fadc0b36000 ---p 00000000 00:00 0 
7fadc0b36000-7fadc0b3c000 rw-p 00000000 00:00 0 
7fadc0b3c000-7fadc0c21000 ---p 00000000 00:00 0 
7fadc0c21000-7fadc0c25000 ---p 00000000 00:00 0 
7fadc0c25000-7fadc0d21000 rw-p 00000000 00:00 0 
7fadc0d21000-7fadc0d31000 r--p 00000000 08:02 38275010                   /usr/lib/x86_64-linux-gnu/libm.so.6
7fadc0d31000-7fadc0da4000 r-xp 00010000 08:02 38275010                   /usr/lib/x86_64-linux-gnu/libm.so.6
7fadc0da4000-7fadc0dfe000 r--p 00083000 08:02 38275010                   /usr/lib/x86_64-linux-gnu/libm.so.6
7fadc0dfe000-7fadc0dff000 r--p 000dc000 08:02 38275010                   /usr/lib/x86_64-linux-gnu/libm.so.6
7fadc0dff000-7fadc0e00000 rw-p 000dd000 08:02 38275010                   /usr/lib/x86_64-linux-gnu/libm.so.6
7fadc0e00000-7fadc1051000 r--p 00000000 08:02 29886835                   /root/.p2/pool/plugins/org.eclipse.justj.openjdk.hotspot.jre.full.linux.x86_64_17.0.4.v20221004-1257/jre/lib/server/libjvm.so
7fadc1051000-7fadc1d6a000 r-xp 00251000 08:02 29886835                   /root/.p2/pool/plugins/org.eclipse.justj.openjdk.hotspot.jre.full.linux.x86_64_17.0.4.v20221004-1257/jre/lib/server/libjvm.so
7fadc1d6a000-7fadc1ff5000 r--p 00f6a000 08:02 29886835                   /root/.p2/pool/plugins/org.eclipse.justj.openjdk.hotspot.jre.full.linux.x86_64_17.0.4.v20221004-1257/jre/lib/server/libjvm.so
7fadc1ff5000-7fadc20ae000 r--p 011f4000 08:02 29886835                   /root/.p2/pool/plugins/org.eclipse.justj.openjdk.hotspot.jre.full.linux.x86_64_17.0.4.v20221004-1257/jre/lib/server/libjvm.so
7fadc20ae000-7fadc20e3000 rw-p 012ad000 08:02 29886835                   /root/.p2/pool/plugins/org.eclipse.justj.openjdk.hotspot.jre.full.linux.x86_64_17.0.4.v20221004-1257/jre/lib/server/libjvm.so
7fadc20e3000-7fadc213c000 rw-p 00000000 00:00 0 
7fadc213d000-7fadc213e000 r--p 00000000 08:02 29886879                   /root/.p2/pool/plugins/org.eclipse.justj.openjdk.hotspot.jre.full.linux.x86_64_17.0.4.v20221004-1257/jre/lib/libextnet.so
7fadc213e000-7fadc213f000 r-xp 00001000 08:02 29886879                   /root/.p2/pool/plugins/org.eclipse.justj.openjdk.hotspot.jre.full.linux.x86_64_17.0.4.v20221004-1257/jre/lib/libextnet.so
7fadc213f000-7fadc2140000 r--p 00002000 08:02 29886879                   /root/.p2/pool/plugins/org.eclipse.justj.openjdk.hotspot.jre.full.linux.x86_64_17.0.4.v20221004-1257/jre/lib/libextnet.so
7fadc2140000-7fadc2141000 r--p 00002000 08:02 29886879                   /root/.p2/pool/plugins/org.eclipse.justj.openjdk.hotspot.jre.full.linux.x86_64_17.0.4.v20221004-1257/jre/lib/libextnet.so
7fadc2141000-7fadc2142000 rw-p 00003000 08:02 29886879                   /root/.p2/pool/plugins/org.eclipse.justj.openjdk.hotspot.jre.full.linux.x86_64_17.0.4.v20221004-1257/jre/lib/libextnet.so
7fadc2142000-7fadc2146000 r--p 00000000 08:02 29886850                   /root/.p2/pool/plugins/org.eclipse.justj.openjdk.hotspot.jre.full.linux.x86_64_17.0.4.v20221004-1257/jre/lib/libverify.so
7fadc2146000-7fadc214d000 r-xp 00004000 08:02 29886850                   /root/.p2/pool/plugins/org.eclipse.justj.openjdk.hotspot.jre.full.linux.x86_64_17.0.4.v20221004-1257/jre/lib/libverify.so
7fadc214d000-7fadc214f000 r--p 0000b000 08:02 29886850                   /root/.p2/pool/plugins/org.eclipse.justj.openjdk.hotspot.jre.full.linux.x86_64_17.0.4.v20221004-1257/jre/lib/libverify.so
7fadc214f000-7fadc2151000 r--p 0000c000 08:02 29886850                   /root/.p2/pool/plugins/org.eclipse.justj.openjdk.hotspot.jre.full.linux.x86_64_17.0.4.v20221004-1257/jre/lib/libverify.so
7fadc2151000-7fadc2152000 rw-p 0000e000 08:02 29886850                   /root/.p2/pool/plugins/org.eclipse.justj.openjdk.hotspot.jre.full.linux.x86_64_17.0.4.v20221004-1257/jre/lib/libverify.so
7fadc2152000-7fadc2154000 r--p 00000000 08:02 29886875                   /root/.p2/pool/plugins/org.eclipse.justj.openjdk.hotspot.jre.full.linux.x86_64_17.0.4.v20221004-1257/jre/lib/libdt_socket.so
7fadc2154000-7fadc2157000 r-xp 00002000 08:02 29886875                   /root/.p2/pool/plugins/org.eclipse.justj.openjdk.hotspot.jre.full.linux.x86_64_17.0.4.v20221004-1257/jre/lib/libdt_socket.so
7fadc2157000-7fadc2158000 r--p 00005000 08:02 29886875                   /root/.p2/pool/plugins/org.eclipse.justj.openjdk.hotspot.jre.full.linux.x86_64_17.0.4.v20221004-1257/jre/lib/libdt_socket.so
7fadc2158000-7fadc2159000 ---p 00006000 08:02 29886875                   /root/.p2/pool/plugins/org.eclipse.justj.openjdk.hotspot.jre.full.linux.x86_64_17.0.4.v20221004-1257/jre/lib/libdt_socket.so
7fadc2159000-7fadc215a000 r--p 00006000 08:02 29886875                   /root/.p2/pool/plugins/org.eclipse.justj.openjdk.hotspot.jre.full.linux.x86_64_17.0.4.v20221004-1257/jre/lib/libdt_socket.so
7fadc215a000-7fadc215b000 rw-p 00007000 08:02 29886875                   /root/.p2/pool/plugins/org.eclipse.justj.openjdk.hotspot.jre.full.linux.x86_64_17.0.4.v20221004-1257/jre/lib/libdt_socket.so
7fadc215b000-7fadc2162000 r--s 00000000 08:02 38305665                   /usr/lib/x86_64-linux-gnu/gconv/gconv-modules.cache
7fadc2162000-7fadc2164000 r--p 00000000 08:02 29886851                   /root/.p2/pool/plugins/org.eclipse.justj.openjdk.hotspot.jre.full.linux.x86_64_17.0.4.v20221004-1257/jre/lib/libzip.so
7fadc2164000-7fadc2168000 r-xp 00002000 08:02 29886851                   /root/.p2/pool/plugins/org.eclipse.justj.openjdk.hotspot.jre.full.linux.x86_64_17.0.4.v20221004-1257/jre/lib/libzip.so
7fadc2168000-7fadc216a000 r--p 00006000 08:02 29886851                   /root/.p2/pool/plugins/org.eclipse.justj.openjdk.hotspot.jre.full.linux.x86_64_17.0.4.v20221004-1257/jre/lib/libzip.so
7fadc216a000-7fadc216b000 r--p 00007000 08:02 29886851                   /root/.p2/pool/plugins/org.eclipse.justj.openjdk.hotspot.jre.full.linux.x86_64_17.0.4.v20221004-1257/jre/lib/libzip.so
7fadc216b000-7fadc216c000 rw-p 00008000 08:02 29886851                   /root/.p2/pool/plugins/org.eclipse.justj.openjdk.hotspot.jre.full.linux.x86_64_17.0.4.v20221004-1257/jre/lib/libzip.so
7fadc216c000-7fadc2171000 rw-p 00000000 00:00 0 
7fadc2171000-7fadc2178000 ---p 00000000 00:00 0 
7fadc2178000-7fadc2185000 r--p 00000000 08:02 29886844                   /root/.p2/pool/plugins/org.eclipse.justj.openjdk.hotspot.jre.full.linux.x86_64_17.0.4.v20221004-1257/jre/lib/libjava.so
7fadc2185000-7fadc2197000 r-xp 0000d000 08:02 29886844                   /root/.p2/pool/plugins/org.eclipse.justj.openjdk.hotspot.jre.full.linux.x86_64_17.0.4.v20221004-1257/jre/lib/libjava.so
7fadc2197000-7fadc219d000 r--p 0001f000 08:02 29886844                   /root/.p2/pool/plugins/org.eclipse.justj.openjdk.hotspot.jre.full.linux.x86_64_17.0.4.v20221004-1257/jre/lib/libjava.so
7fadc219d000-7fadc219e000 ---p 00025000 08:02 29886844                   /root/.p2/pool/plugins/org.eclipse.justj.openjdk.hotspot.jre.full.linux.x86_64_17.0.4.v20221004-1257/jre/lib/libjava.so
7fadc219e000-7fadc219f000 r--p 00025000 08:02 29886844                   /root/.p2/pool/plugins/org.eclipse.justj.openjdk.hotspot.jre.full.linux.x86_64_17.0.4.v20221004-1257/jre/lib/libjava.so
7fadc219f000-7fadc21a0000 rw-p 00026000 08:02 29886844                   /root/.p2/pool/plugins/org.eclipse.justj.openjdk.hotspot.jre.full.linux.x86_64_17.0.4.v20221004-1257/jre/lib/libjava.so
7fadc21a0000-7fadc21a1000 rw-p 00000000 00:00 0 
7fadc21a1000-7fadc21a4000 r--p 00000000 08:02 29886876                   /root/.p2/pool/plugins/org.eclipse.justj.openjdk.hotspot.jre.full.linux.x86_64_17.0.4.v20221004-1257/jre/lib/libjdwp.so
7fadc21a4000-7fadc21d1000 r-xp 00003000 08:02 29886876                   /root/.p2/pool/plugins/org.eclipse.justj.openjdk.hotspot.jre.full.linux.x86_64_17.0.4.v20221004-1257/jre/lib/libjdwp.so
7fadc21d1000-7fadc21df000 r--p 00030000 08:02 29886876                   /root/.p2/pool/plugins/org.eclipse.justj.openjdk.hotspot.jre.full.linux.x86_64_17.0.4.v20221004-1257/jre/lib/libjdwp.so
7fadc21df000-7fadc21e0000 r--p 0003d000 08:02 29886876                   /root/.p2/pool/plugins/org.eclipse.justj.openjdk.hotspot.jre.full.linux.x86_64_17.0.4.v20221004-1257/jre/lib/libjdwp.so
7fadc21e0000-7fadc21e1000 rw-p 0003e000 08:02 29886876                   /root/.p2/pool/plugins/org.eclipse.justj.openjdk.hotspot.jre.full.linux.x86_64_17.0.4.v20221004-1257/jre/lib/libjdwp.so
7fadc21e1000-7fadc21e2000 rw-p 00000000 00:00 0 
7fadc21e2000-7fadc21e6000 r--p 00000000 08:02 29886845                   /root/.p2/pool/plugins/org.eclipse.justj.openjdk.hotspot.jre.full.linux.x86_64_17.0.4.v20221004-1257/jre/lib/libjimage.so
7fadc21e6000-7fadc21f9000 r-xp 00004000 08:02 29886845                   /root/.p2/pool/plugins/org.eclipse.justj.openjdk.hotspot.jre.full.linux.x86_64_17.0.4.v20221004-1257/jre/lib/libjimage.so
7fadc21f9000-7fadc21ff000 r--p 00017000 08:02 29886845                   /root/.p2/pool/plugins/org.eclipse.justj.openjdk.hotspot.jre.full.linux.x86_64_17.0.4.v20221004-1257/jre/lib/libjimage.so
7fadc21ff000-7fadc2201000 r--p 0001c000 08:02 29886845                   /root/.p2/pool/plugins/org.eclipse.justj.openjdk.hotspot.jre.full.linux.x86_64_17.0.4.v20221004-1257/jre/lib/libjimage.so
7fadc2201000-7fadc2202000 rw-p 0001e000 08:02 29886845                   /root/.p2/pool/plugins/org.eclipse.justj.openjdk.hotspot.jre.full.linux.x86_64_17.0.4.v20221004-1257/jre/lib/libjimage.so
7fadc2202000-7fadc2203000 r--p 00000000 08:02 38277175                   /usr/lib/x86_64-linux-gnu/librt.so.1
7fadc2203000-7fadc2204000 r-xp 00001000 08:02 38277175                   /usr/lib/x86_64-linux-gnu/librt.so.1
7fadc2204000-7fadc2205000 r--p 00002000 08:02 38277175                   /usr/lib/x86_64-linux-gnu/librt.so.1
7fadc2205000-7fadc2206000 r--p 00002000 08:02 38277175                   /usr/lib/x86_64-linux-gnu/librt.so.1
7fadc2206000-7fadc2207000 rw-p 00003000 08:02 38277175                   /usr/lib/x86_64-linux-gnu/librt.so.1
7fadc2207000-7fadc220b000 rw-p 00000000 00:00 0 
7fadc220b000-7fadc2231000 r--p 00000000 08:02 38274596                   /usr/lib/x86_64-linux-gnu/libc.so.6
7fadc2231000-7fadc2386000 r-xp 00026000 08:02 38274596                   /usr/lib/x86_64-linux-gnu/libc.so.6
7fadc2386000-7fadc23d9000 r--p 0017b000 08:02 38274596                   /usr/lib/x86_64-linux-gnu/libc.so.6
7fadc23d9000-7fadc23dd000 r--p 001ce000 08:02 38274596                   /usr/lib/x86_64-linux-gnu/libc.so.6
7fadc23dd000-7fadc23df000 rw-p 001d2000 08:02 38274596                   /usr/lib/x86_64-linux-gnu/libc.so.6
7fadc23df000-7fadc23ec000 rw-p 00000000 00:00 0 
7fadc23ec000-7fadc23ed000 r--p 00000000 08:02 38275008                   /usr/lib/x86_64-linux-gnu/libdl.so.2
7fadc23ed000-7fadc23ee000 r-xp 00001000 08:02 38275008                   /usr/lib/x86_64-linux-gnu/libdl.so.2
7fadc23ee000-7fadc23ef000 r--p 00002000 08:02 38275008                   /usr/lib/x86_64-linux-gnu/libdl.so.2
7fadc23ef000-7fadc23f0000 r--p 00002000 08:02 38275008                   /usr/lib/x86_64-linux-gnu/libdl.so.2
7fadc23f0000-7fadc23f1000 rw-p 00003000 08:02 38275008                   /usr/lib/x86_64-linux-gnu/libdl.so.2
7fadc23f1000-7fadc23f2000 r--p 00000000 08:02 38276885                   /usr/lib/x86_64-linux-gnu/libpthread.so.0
7fadc23f2000-7fadc23f3000 r-xp 00001000 08:02 38276885                   /usr/lib/x86_64-linux-gnu/libpthread.so.0
7fadc23f3000-7fadc23f4000 r--p 00002000 08:02 38276885                   /usr/lib/x86_64-linux-gnu/libpthread.so.0
7fadc23f4000-7fadc23f5000 r--p 00002000 08:02 38276885                   /usr/lib/x86_64-linux-gnu/libpthread.so.0
7fadc23f5000-7fadc23f6000 rw-p 00003000 08:02 38276885                   /usr/lib/x86_64-linux-gnu/libpthread.so.0
7fadc23f6000-7fadc23f9000 r--p 00000000 08:02 29886846                   /root/.p2/pool/plugins/org.eclipse.justj.openjdk.hotspot.jre.full.linux.x86_64_17.0.4.v20221004-1257/jre/lib/libjli.so
7fadc23f9000-7fadc2403000 r-xp 00003000 08:02 29886846                   /root/.p2/pool/plugins/org.eclipse.justj.openjdk.hotspot.jre.full.linux.x86_64_17.0.4.v20221004-1257/jre/lib/libjli.so
7fadc2403000-7fadc2406000 r--p 0000d000 08:02 29886846                   /root/.p2/pool/plugins/org.eclipse.justj.openjdk.hotspot.jre.full.linux.x86_64_17.0.4.v20221004-1257/jre/lib/libjli.so
7fadc2406000-7fadc2407000 ---p 00010000 08:02 29886846                   /root/.p2/pool/plugins/org.eclipse.justj.openjdk.hotspot.jre.full.linux.x86_64_17.0.4.v20221004-1257/jre/lib/libjli.so
7fadc2407000-7fadc2408000 r--p 00010000 08:02 29886846                   /root/.p2/pool/plugins/org.eclipse.justj.openjdk.hotspot.jre.full.linux.x86_64_17.0.4.v20221004-1257/jre/lib/libjli.so
7fadc2408000-7fadc2409000 rw-p 00011000 08:02 29886846                   /root/.p2/pool/plugins/org.eclipse.justj.openjdk.hotspot.jre.full.linux.x86_64_17.0.4.v20221004-1257/jre/lib/libjli.so
7fadc2409000-7fadc240c000 r--p 00000000 08:02 38278423                   /usr/lib/x86_64-linux-gnu/libz.so.1.2.11
7fadc240c000-7fadc241e000 r-xp 00003000 08:02 38278423                   /usr/lib/x86_64-linux-gnu/libz.so.1.2.11
7fadc241e000-7fadc2424000 r--p 00015000 08:02 38278423                   /usr/lib/x86_64-linux-gnu/libz.so.1.2.11
7fadc2424000-7fadc2425000 r--p 0001b000 08:02 38278423                   /usr/lib/x86_64-linux-gnu/libz.so.1.2.11
7fadc2425000-7fadc2426000 rw-p 0001c000 08:02 38278423                   /usr/lib/x86_64-linux-gnu/libz.so.1.2.11
7fadc2426000-7fadc2427000 r--p 00000000 08:02 38291510                   /usr/lib/x86_64-linux-gnu/libnss_mdns4_minimal.so.2
7fadc2427000-7fadc2429000 r-xp 00001000 08:02 38291510                   /usr/lib/x86_64-linux-gnu/libnss_mdns4_minimal.so.2
7fadc2429000-7fadc242a000 r--p 00003000 08:02 38291510                   /usr/lib/x86_64-linux-gnu/libnss_mdns4_minimal.so.2
7fadc242a000-7fadc242b000 r--p 00003000 08:02 38291510                   /usr/lib/x86_64-linux-gnu/libnss_mdns4_minimal.so.2
7fadc242b000-7fadc242c000 rw-p 00004000 08:02 38291510                   /usr/lib/x86_64-linux-gnu/libnss_mdns4_minimal.so.2
7fadc242c000-7fadc2434000 rw-s 00000000 08:02 32510157                   /tmp/hsperfdata_root/6553
7fadc2434000-7fadc2436000 r--p 00000000 08:02 29886865                   /root/.p2/pool/plugins/org.eclipse.justj.openjdk.hotspot.jre.full.linux.x86_64_17.0.4.v20221004-1257/jre/lib/libinstrument.so
7fadc2436000-7fadc243c000 r-xp 00002000 08:02 29886865                   /root/.p2/pool/plugins/org.eclipse.justj.openjdk.hotspot.jre.full.linux.x86_64_17.0.4.v20221004-1257/jre/lib/libinstrument.so
7fadc243c000-7fadc243f000 r--p 00008000 08:02 29886865                   /root/.p2/pool/plugins/org.eclipse.justj.openjdk.hotspot.jre.full.linux.x86_64_17.0.4.v20221004-1257/jre/lib/libinstrument.so
7fadc243f000-7fadc2440000 r--p 0000a000 08:02 29886865                   /root/.p2/pool/plugins/org.eclipse.justj.openjdk.hotspot.jre.full.linux.x86_64_17.0.4.v20221004-1257/jre/lib/libinstrument.so
7fadc2440000-7fadc2441000 rw-p 0000b000 08:02 29886865                   /root/.p2/pool/plugins/org.eclipse.justj.openjdk.hotspot.jre.full.linux.x86_64_17.0.4.v20221004-1257/jre/lib/libinstrument.so
7fadc2441000-7fadc2442000 ---p 00000000 00:00 0 
7fadc2442000-7fadc2443000 r--p 00000000 00:00 0 
7fadc2443000-7fadc2444000 ---p 00000000 00:00 0 
7fadc2444000-7fadc2446000 rw-p 00000000 00:00 0 
7fadc2446000-7fadc244a000 r--p 00000000 00:00 0                          [vvar]
7fadc244a000-7fadc244c000 r-xp 00000000 00:00 0                          [vdso]
7fadc244c000-7fadc244d000 r--p 00000000 08:02 38274583                   /usr/lib/x86_64-linux-gnu/ld-linux-x86-64.so.2
7fadc244d000-7fadc2472000 r-xp 00001000 08:02 38274583                   /usr/lib/x86_64-linux-gnu/ld-linux-x86-64.so.2
7fadc2472000-7fadc247c000 r--p 00026000 08:02 38274583                   /usr/lib/x86_64-linux-gnu/ld-linux-x86-64.so.2
7fadc247c000-7fadc247e000 r--p 00030000 08:02 38274583                   /usr/lib/x86_64-linux-gnu/ld-linux-x86-64.so.2
7fadc247e000-7fadc2480000 rw-p 00032000 08:02 38274583                   /usr/lib/x86_64-linux-gnu/ld-linux-x86-64.so.2
7ffd587cd000-7ffd587f9000 rw-p 00000000 00:00 0                          [stack]


VM Arguments:
jvm_args: -XX:+ShowCodeDetailsInExceptionMessages -agentlib:jdwp=transport=dt_socket,suspend=y,address=localhost:36301 -javaagent:/home/tiwaritiwari/eclipse/eclipse/configuration/org.eclipse.osgi/222/0/.cp/lib/javaagent-shaded.jar -Dfile.encoding=UTF-8 
java_command: com.tiwari.studence.organisation.App
java_class_path (initial): /home/tiwaritiwari/Studence/Studence-Server/studence-organisation/target/classes:/root/.m2/repository/javax/inject/javax.inject/1/javax.inject-1.jar:/root/.m2/repository/javax/annotation/javax.annotation-api/1.3.2/javax.annotation-api-1.3.2.jar:/root/.m2/repository/junit/junit/4.11/junit-4.11.jar:/root/.m2/repository/org/hamcrest/hamcrest-core/1.3/hamcrest-core-1.3.jar:/home/tiwaritiwari/Studence/Studence-Server/studence-common/target/test-classes:/home/tiwaritiwari/Studence/Studence-Server/studence-common/target/classes:/home/tiwaritiwari/Studence/Studence-Server/studence-dynamodb-database/target/test-classes:/home/tiwaritiwari/Studence/Studence-Server/studence-dynamodb-database/target/classes:/home/tiwaritiwari/Studence/Studence-Server/studence-util/target/test-classes:/home/tiwaritiwari/Studence/Studence-Server/studence-util/target/classes:/root/.m2/repository/com/google/inject/guice/5.1.0/guice-5.1.0.jar:/root/.m2/repository/aopalliance/aopalliance/1.0/aopalliance-1.0.jar:/root/.m2/repository/com/google/guava/guava/21.0/guava-21.0.jar:/root/.m2/repository/com/google/code/findbugs/jsr305/3.0.2/jsr305-3.0.2.jar:/root/.m2/repository/com/google/errorprone/error_prone_annotations/2.5.1/error_prone_annotations-2.5.1.jar:/root/.m2/repository/com/google/j2objc/j2objc-annotations/1.3/j2objc-annotations-1.3.jar:/root/.m2/repository/com/amazonaws/aws-java-sdk/1.12.328/aws-java-sdk-1.12.328.jar:/root/.m2/repository/com/amazonaws/aws-java-sdk-connectcases/1.12.328/aws-java-sdk-connectcases-1.12.328.jar:/root/.m2/repository/com/amazonaws/aws-java-sdk-core/1.12.328/aws-java-sdk-core-1.12.328.jar:/root/.m2/repository/commons-logging/commons-logging/1.1.3/commons-logging-1.1.3.jar:/root/.m2/repository/commons-codec/commons-codec/1.15/commons-codec-1.15.jar:/root/.m2/repository/org/apache/httpcomponents/httpclient/4.5.13/httpclient-4.5.13.jar:/root/.m2/repository/org/apache/httpcomponents/httpcore/4.4.13/httpcore-4.4.13.jar:/root/.m2/repository/softwa
Launcher Type: SUN_STANDARD

[Global flags]
     intx CICompilerCount                          = 3                                         {product} {ergonomic}
     uint ConcGCThreads                            = 1                                         {product} {ergonomic}
     uint G1ConcRefinementThreads                  = 4                                         {product} {ergonomic}
   size_t G1HeapRegionSize                         = 2097152                                   {product} {ergonomic}
    uintx GCDrainStackTargetSize                   = 64                                        {product} {ergonomic}
   size_t InitialHeapSize                          = 195035136                                 {product} {ergonomic}
   size_t MarkStackSize                            = 4194304                                   {product} {ergonomic}
   size_t MaxHeapSize                              = 3120562176                                {product} {ergonomic}
   size_t MaxNewSize                               = 1870659584                                {product} {ergonomic}
   size_t MinHeapDeltaBytes                        = 2097152                                   {product} {ergonomic}
   size_t MinHeapSize                              = 8388608                                   {product} {ergonomic}
    uintx NonNMethodCodeHeapSize                   = 5832780                                {pd product} {ergonomic}
    uintx NonProfiledCodeHeapSize                  = 122912730                              {pd product} {ergonomic}
    uintx ProfiledCodeHeapSize                     = 122912730                              {pd product} {ergonomic}
    uintx ReservedCodeCacheSize                    = 251658240                              {pd product} {ergonomic}
     bool SegmentedCodeCache                       = true                                      {product} {ergonomic}
     bool ShowCodeDetailsInExceptionMessages       = true                                   {manageable} {command line}
   size_t SoftMaxHeapSize                          = 3120562176                             {manageable} {ergonomic}
     bool UseCompressedClassPointers               = true                           {product lp64_product} {ergonomic}
     bool UseCompressedOops                        = true                           {product lp64_product} {ergonomic}
     bool UseG1GC                                  = true                                      {product} {ergonomic}

Logging:
Log output configuration:
 #0: stdout all=warning uptime,level,tags
 #1: stderr all=off uptime,level,tags

Environment Variables:
PATH=/usr/local/sbin:/usr/local/bin:/usr/sbin:/usr/bin:/sbin:/bin
SHELL=/usr/bin/zsh
DISPLAY=:1
LANG=en_US.UTF-8
TERM=xterm-256color

Signal Handlers:
   SIGSEGV: crash_handler in libjvm.so, mask=11100100010111111101111111111110, flags=SA_RESTART|SA_SIGINFO
    SIGBUS: crash_handler in libjvm.so, mask=11100100010111111101111111111110, flags=SA_RESTART|SA_SIGINFO
    SIGFPE: crash_handler in libjvm.so, mask=11100100010111111101111111111110, flags=SA_RESTART|SA_SIGINFO
   SIGPIPE: javaSignalHandler in libjvm.so, mask=11100100010111111101111111111110, flags=SA_RESTART|SA_SIGINFO
   SIGXFSZ: javaSignalHandler in libjvm.so, mask=11100100010111111101111111111110, flags=SA_RESTART|SA_SIGINFO
    SIGILL: crash_handler in libjvm.so, mask=11100100010111111101111111111110, flags=SA_RESTART|SA_SIGINFO
   SIGUSR2: SR_handler in libjvm.so, mask=00100000000000000000000000000000, flags=SA_RESTART|SA_SIGINFO
    SIGHUP: UserHandler in libjvm.so, mask=11100100010111111101111111111110, flags=SA_RESTART|SA_SIGINFO
    SIGINT: UserHandler in libjvm.so, mask=11100100010111111101111111111110, flags=SA_RESTART|SA_SIGINFO
   SIGTERM: UserHandler in libjvm.so, mask=11100100010111111101111111111110, flags=SA_RESTART|SA_SIGINFO
   SIGQUIT: UserHandler in libjvm.so, mask=11100100010111111101111111111110, flags=SA_RESTART|SA_SIGINFO
  *** Handler was modified!
  *** Expected: javaSignalHandler in libjvm.so, mask=11100100110111111111111111111110, flags=SA_RESTART|SA_SIGINFO
   SIGTRAP: crash_handler in libjvm.so, mask=11100100010111111101111111111110, flags=SA_RESTART|SA_SIGINFO


---------------  S Y S T E M  ---------------

OS:
PRETTY_NAME="Kali GNU/Linux Rolling"
NAME="Kali GNU/Linux"
VERSION="2022.4"
VERSION_ID="2022.4"
VERSION_CODENAME="kali-rolling"
ID=kali
ID_LIKE=debian
HOME_URL="https://www.kali.org/"
SUPPORT_URL="https://forums.kali.org/"
BUG_REPORT_URL="https://bugs.kali.org/"
ANSI_COLOR="1;31"
uname: Linux 6.0.0-kali5-amd64 #1 SMP PREEMPT_DYNAMIC Debian 6.0.10-2kali1 (2022-12-06) x86_64
OS uptime: 0 days 0:38 hours
libc: glibc 2.36 NPTL 2.36 
rlimit (soft/hard): STACK 8192k/infinity , CORE 0k/0k , NPROC 47311/47311 , NOFILE 1048576/1048576 , AS infinity/infinity , CPU infinity/infinity , DATA infinity/infinity , FSIZE infinity/infinity , MEMLOCK 1523464k/1523464k
load average: 1.41 1.69 1.67

/proc/meminfo:
MemTotal:       12187736 kB
MemFree:          956352 kB
MemAvailable:    3774272 kB
Buffers:          222680 kB
Cached:          6380532 kB
SwapCached:            0 kB
Active:          4245096 kB
Inactive:        6019468 kB
Active(anon):    3048776 kB
Inactive(anon):  4246496 kB
Active(file):    1196320 kB
Inactive(file):  1772972 kB
Unevictable:      424468 kB
Mlocked:              32 kB
SwapTotal:        999420 kB
SwapFree:         999420 kB
Zswap:                 0 kB
Zswapped:              0 kB
Dirty:               288 kB
Writeback:             0 kB
AnonPages:       3985636 kB
Mapped:          3995428 kB
Shmem:           3649716 kB
KReclaimable:     172144 kB
Slab:             308916 kB
SReclaimable:     172144 kB
SUnreclaim:       136772 kB
KernelStack:       19696 kB
PageTables:        65140 kB
NFS_Unstable:          0 kB
Bounce:                0 kB
WritebackTmp:          0 kB
CommitLimit:     7093288 kB
Committed_AS:   17837296 kB
VmallocTotal:   34359738367 kB
VmallocUsed:       72108 kB
VmallocChunk:          0 kB
Percpu:             4224 kB
HardwareCorrupted:     0 kB
AnonHugePages:   1421312 kB
ShmemHugePages:        0 kB
ShmemPmdMapped:        0 kB
FileHugePages:         0 kB
FilePmdMapped:         0 kB
HugePages_Total:       0
HugePages_Free:        0
HugePages_Rsvd:        0
HugePages_Surp:        0
Hugepagesize:       2048 kB
Hugetlb:               0 kB
DirectMap4k:      187452 kB
DirectMap2M:     3932160 kB
DirectMap1G:     9437184 kB

/sys/kernel/mm/transparent_hugepage/enabled: [always] madvise never
/sys/kernel/mm/transparent_hugepage/defrag (defrag/compaction efforts parameter): always defer defer+madvise [madvise] never

Process Memory:
Virtual Size: 6404060K (peak: 6404060K)
Resident Set Size: 184304K (peak: 239592K) (anon: 153804K, file: 30500K, shmem: 0K)
Swapped out: 0K
C-Heap outstanding allocations: 40935K, retained: 60836K
glibc malloc tunables: (default)

/proc/sys/kernel/threads-max (system-wide limit on the number of threads): 94623
/proc/sys/vm/max_map_count (maximum number of memory map areas a process may have): 65530
/proc/sys/kernel/pid_max (system-wide limit on number of process identifiers): 4194304

container (cgroup) information:
container_type: cgroupv2
cpu_cpuset_cpus: not supported
cpu_memory_nodes: not supported
active_processor_count: 4
cpu_quota: not supported
cpu_period: not supported
cpu_shares: not supported
memory_limit_in_bytes: unlimited
memory_and_swap_limit_in_bytes: unlimited
memory_soft_limit_in_bytes: unlimited
memory_usage_in_bytes: 2118352 k
memory_max_usage_in_bytes: not supported
maximum number of tasks: 14193
current number of tasks: 100

Steal ticks since vm start: 0
Steal ticks percentage since vm start:  0.000

CPU: total 4 (initial active 4) (2 cores per cpu, 2 threads per core) family 6 model 69 stepping 1 microcode 0x26, cx8, cmov, fxsr, ht, mmx, sse, sse2, sse3, ssse3, sse4.1, sse4.2, popcnt, lzcnt, tsc, tscinvbit, avx, avx2, aes, erms, clmul, bmi1, bmi2, fma, vzeroupper, clflush
CPU Model and flags from /proc/cpuinfo:
model name	: Intel(R) Core(TM) i5-4210U CPU @ 1.70GHz
flags		: fpu vme de pse tsc msr pae mce cx8 apic sep mtrr pge mca cmov pat pse36 clflush dts acpi mmx fxsr sse sse2 ss ht tm pbe syscall nx pdpe1gb rdtscp lm constant_tsc arch_perfmon pebs bts rep_good nopl xtopology nonstop_tsc cpuid aperfmperf pni pclmulqdq dtes64 monitor ds_cpl vmx est tm2 ssse3 sdbg fma cx16 xtpr pdcm pcid sse4_1 sse4_2 movbe popcnt tsc_deadline_timer aes xsave avx f16c rdrand lahf_lm abm cpuid_fault epb invpcid_single pti ssbd ibrs ibpb stibp tpr_shadow vnmi flexpriority ept vpid ept_ad fsgsbase tsc_adjust bmi1 avx2 smep bmi2 erms invpcid xsaveopt dtherm ida arat pln pts md_clear flush_l1d

Online cpus: 0-3
Offline cpus: 
BIOS frequency limitation: <Not Available>
Frequency switch latency (ns): 20000
Available cpu frequencies: <Not Available>
Current governor: schedutil
Core performance/turbo boost: <Not Available>

Memory: 4k page, physical 12187736k(956352k free), swap 999420k(999420k free)
Page Sizes: 4k

vm_info: OpenJDK 64-Bit Server VM (17.0.4.1+1) for linux-amd64 JRE (17.0.4.1+1), built on Aug 12 2022 00:00:00 by "temurin" with gcc 10.3.0

END.
